The system is: Linux - 6.8.0-45-generic - x86_64
Compiling the CXX compiler identification source file "CMakeCXXCompilerId.cpp" succeeded.
Compiler: /apps/SPACK/0.18.1/opt/linux-ubuntu20.04-broadwell/gcc-9.4.0/intel-oneapi-compilers-2023.2.1-w5xspo5smexqooptupdcekxiosxeltyh/compiler/2023.2.1/linux/bin/intel64/icpc 
Build flags: 
Id flags:  

The output was:
0
icpc: remark #10441: The Intel(R) C++ Compiler Classic (ICC) is deprecated and will be removed from product release in the second half of 2023. The Intel(R) oneAPI DPC++/C++ Compiler (ICX) is the recommended compiler moving forward. Please transition to use this compiler. Use '-diag-disable=10441' to disable this message.


Compilation of the CXX compiler identification source "CMakeCXXCompilerId.cpp" produced "a.out"

The CXX compiler identification is Intel, found in "/home/hpc/ihpc/ihpc040h/LULESH_AD/LULESH/build_OMP_ICX36/CMakeFiles/3.23.1/CompilerIdCXX/a.out"

Detecting CXX compiler ABI info compiled with the following output:
Change Dir: /home/hpc/ihpc/ihpc040h/LULESH_AD/LULESH/build_OMP_ICX36/CMakeFiles/CMakeTmp

Run Build Command(s):/usr/bin/gmake -f Makefile cmTC_4cd8c/fast && /usr/bin/gmake  -f CMakeFiles/cmTC_4cd8c.dir/build.make CMakeFiles/cmTC_4cd8c.dir/build
gmake[1]: Entering directory '/home/hpc/ihpc/ihpc040h/LULESH_AD/LULESH/build_OMP_ICX36/CMakeFiles/CMakeTmp'
Building CXX object CMakeFiles/cmTC_4cd8c.dir/CMakeCXXCompilerABI.cpp.o
/apps/SPACK/0.18.1/opt/linux-ubuntu20.04-broadwell/gcc-9.4.0/intel-oneapi-compilers-2023.2.1-w5xspo5smexqooptupdcekxiosxeltyh/compiler/2023.2.1/linux/bin/intel64/icpc   -v -MD -MT CMakeFiles/cmTC_4cd8c.dir/CMakeCXXCompilerABI.cpp.o -MF CMakeFiles/cmTC_4cd8c.dir/CMakeCXXCompilerABI.cpp.o.d -o CMakeFiles/cmTC_4cd8c.dir/CMakeCXXCompilerABI.cpp.o -c /apps/SPACK/0.18.1/opt/linux-ubuntu20.04-x86_64/gcc-9.4.0/cmake-3.23.1-y3d2cjiwv2qcy65ljekhm5h6ljw5kj2n/share/cmake-3.23/Modules/CMakeCXXCompilerABI.cpp
icpc: remark #10441: The Intel(R) C++ Compiler Classic (ICC) is deprecated and will be removed from product release in the second half of 2023. The Intel(R) oneAPI DPC++/C++ Compiler (ICX) is the recommended compiler moving forward. Please transition to use this compiler. Use '-diag-disable=10441' to disable this message.
icpc version 2021.10.0 (gcc version 11.4.0 compatibility)
/apps/SPACK/0.18.1/opt/linux-ubuntu20.04-broadwell/gcc-9.4.0/intel-oneapi-compilers-2023.2.1-w5xspo5smexqooptupdcekxiosxeltyh/compiler/2023.2.1/linux/bin/intel64/../../bin/intel64/mcpcom    --target_efi2 --lang=c++ -oCMakeFiles/cmTC_4cd8c.dir/CMakeCXXCompilerABI.cpp.o -_g -mP3OPT_inline_alloca -D__ICC=2021 -D__INTEL_COMPILER=2021 -D__INTEL_COMPILER_UPDATE=10 -D__PTRDIFF_TYPE__=long "-D__SIZE_TYPE__=unsigned long" -D__WCHAR_TYPE__=int "-D__WINT_TYPE__=unsigned int" "-D__INTMAX_TYPE__=long int" "-D__UINTMAX_TYPE__=long unsigned int" -D__GLIBCXX_TYPE_INT_N_0=__int128 -D__GLIBCXX_BITSIZE_INT_N_0=128 -D__LONG_MAX__=9223372036854775807L -D__QMSPP_ -D__OPTIMIZE__ -D__NO_MATH_INLINES -D__NO_STRING_INLINES -D__GNUC_GNU_INLINE__ -D__GNUG__=11 -D__GNUC__=11 -D__GNUC_MINOR__=4 -D__GNUC_PATCHLEVEL__=0 -D__LP64__ -D_LP64 -D_GNU_SOURCE=1 -D__DEPRECATED=1 -D__GXX_WEAK__=1 -D__GXX_ABI_VERSION=1010 "-D__USER_LABEL_PREFIX__= " -D__REGISTER_PREFIX__= -D__INTEL_RTTI__ -D__EXCEPTIONS=1 -D__unix__ -D__unix -D__linux__ -D__linux -D__gnu_linux__ -B -Dunix -Dlinux "-_Asystem(unix)" -D__ELF__ -D__x86_64 -D__x86_64__ -D__amd64 -D__amd64__ "-_Acpu(x86_64)" "-_Amachine(x86_64)" -D__INTEL_COMPILER_BUILD_DATE=20230609 -D__INTEL_OFFLOAD -D__MMX__ -D__SSE__ -D__SSE_MATH__ -D__SSE2__ -D__SSE2_MATH__ -D__pentium4 -D__pentium4__ -D__tune_pentium4__ -_k -_8 -_l --has_new_stdarg_support -_a -_b --gnu_version=110400 -_W5 -p --bool -tused -x --openmp_simd --noopenmp_offload --dependency_file_name CMakeFiles/cmTC_4cd8c.dir/CMakeCXXCompilerABI.cpp.o.d --compile_dependencies --dependency_target_name CMakeFiles/cmTC_4cd8c.dir/CMakeCXXCompilerABI.cpp.o --multibyte_chars -mGLOB_diag_suppress_sys --system_preinclude /usr/include/stdc-predef.h -I/apps/SPACK/0.18.1/opt/linux-ubuntu20.04-broadwell/gcc-9.4.0/intel-oneapi-compilers-2023.2.1-w5xspo5smexqooptupdcekxiosxeltyh/compiler/2023.2.1/linux/lib/oclfpga/include --array_section --simd --simd_func --offload_mode=1 --offload_target_names=mic,MIC --offload_unique_string=icpc1241839083G9mOG3 --bool -mGLOB_em64t=TRUE -mP1OPT_version=2021.10.0-intel64 -mGLOB_diag_file=CMakeFiles/cmTC_4cd8c.dir/CMakeCXXCompilerABI.cpp.diag -mGLOB_long_size_64 -mGLOB_routine_pointer_size_64 -mP1OPT_print_version=FALSE -mCG_use_gas_got_workaround=F -mP2OPT_align_option_used=TRUE -mGLOB_gcc_version=1140 "-mGLOB_options_string=-v -MD -MT CMakeFiles/cmTC_4cd8c.dir/CMakeCXXCompilerABI.cpp.o -MF CMakeFiles/cmTC_4cd8c.dir/CMakeCXXCompilerABI.cpp.o.d -o CMakeFiles/cmTC_4cd8c.dir/CMakeCXXCompilerABI.cpp.o -c" -mGLOB_cxx_limited_range=FALSE -mCG_extend_parms=FALSE -mGLOB_compiler_bin_directory=/apps/SPACK/0.18.1/opt/linux-ubuntu20.04-broadwell/gcc-9.4.0/intel-oneapi-compilers-2023.2.1-w5xspo5smexqooptupdcekxiosxeltyh/compiler/2023.2.1/linux/bin/intel64/../../bin/intel64 -mGLOB_as_output_backup_file_name=/tmp/icpcweR57Oas_.s -mIPOPT_activate -mIPOPT_lite -mGLOB_uarch_tuning=0x0 -mGLOB_product_id_code=0x22006d90 -mCG_bnl_movbe=T -mP3OPT_use_mspp_call_convention -mP2OPT_subs_out_of_bound=FALSE -mP2OPT_disam_type_based_disam=2 -mP2OPT_disam_assume_ansi_c -mP2OPT_checked_disam_ansi_alias=TRUE -mGLOB_ansi_alias -mPGOPTI_value_profile_use=T -mP2OPT_il0_array_sections=TRUE -mGLOB_offload_mode=1 -mGLOB_offload_no_openmp=TRUE -mP2OPT_offload_unique_var_string=icpc1241839083G9mOG3 -mP2OPT_hlo_level=2 -mP2OPT_hlo -mP2OPT_hpo_rtt_control=0 -mIPOPT_args_in_regs=0 -mP2OPT_disam_assume_nonstd_intent_in=FALSE -mGLOB_imf_mapping_library=/apps/SPACK/0.18.1/opt/linux-ubuntu20.04-broadwell/gcc-9.4.0/intel-oneapi-compilers-2023.2.1-w5xspo5smexqooptupdcekxiosxeltyh/compiler/2023.2.1/linux/bin/intel64/../../bin/intel64/libiml_attr.so -mPGOPTI_gen_threadsafe_level=0 -mIPOPT_lto_object_enabled -mIPOPT_lto_object_value=1 -mIPOPT_obj_output_file_name=CMakeFiles/cmTC_4cd8c.dir/CMakeCXXCompilerABI.cpp.o -mIPOPT_whole_archive_fixup_file_name=/tmp/icpcwarchNDnJe7 -mGLOB_linker_version=2.38 -mGLOB_linker=ld -mGLOB_driver_tempfile_name=/tmp/icpctempfilejibTDQ -mP3OPT_asm_target=P3OPT_ASM_TARGET_GAS -mGLOB_async_unwind_tables=TRUE -mGLOB_obj_output_file=CMakeFiles/cmTC_4cd8c.dir/CMakeCXXCompilerABI.cpp.o -mGLOB_source_dialect=GLOB_SOURCE_DIALECT_C_PLUS_PLUS -mP1OPT_source_file_name=/apps/SPACK/0.18.1/opt/linux-ubuntu20.04-x86_64/gcc-9.4.0/cmake-3.23.1-y3d2cjiwv2qcy65ljekhm5h6ljw5kj2n/share/cmake-3.23/Modules/CMakeCXXCompilerABI.cpp -mP1OPT_full_source_file_name=/apps/SPACK/0.18.1/opt/linux-ubuntu20.04-x86_64/gcc-9.4.0/cmake-3.23.1-y3d2cjiwv2qcy65ljekhm5h6ljw5kj2n/share/cmake-3.23/Modules/CMakeCXXCompilerABI.cpp -mGLOB_eh_linux /apps/SPACK/0.18.1/opt/linux-ubuntu20.04-x86_64/gcc-9.4.0/cmake-3.23.1-y3d2cjiwv2qcy65ljekhm5h6ljw5kj2n/share/cmake-3.23/Modules/CMakeCXXCompilerABI.cpp
#include "..." search starts here:
#include <...> search starts here:
 /apps/SPACK/0.18.1/opt/linux-ubuntu20.04-broadwell/gcc-9.4.0/intel-oneapi-compilers-2023.2.1-w5xspo5smexqooptupdcekxiosxeltyh/compiler/2023.2.1/linux/lib/oclfpga/include
 /apps/SPACK/0.18.1/opt/linux-ubuntu20.04-broadwell/gcc-9.4.0/intel-oneapi-compilers-2023.2.1-w5xspo5smexqooptupdcekxiosxeltyh/compiler/2023.2.1/linux/bin/intel64/../../compiler/include/intel64
 /apps/SPACK/0.18.1/opt/linux-ubuntu20.04-broadwell/gcc-9.4.0/intel-oneapi-compilers-2023.2.1-w5xspo5smexqooptupdcekxiosxeltyh/compiler/2023.2.1/linux/bin/intel64/../../compiler/include/icc
 /apps/SPACK/0.18.1/opt/linux-ubuntu20.04-broadwell/gcc-9.4.0/intel-oneapi-compilers-2023.2.1-w5xspo5smexqooptupdcekxiosxeltyh/compiler/2023.2.1/linux/bin/intel64/../../compiler/include
 /usr/include/c++/11
 /usr/include/c++/11/backward
 /usr/local/include
 /usr/lib/gcc/x86_64-linux-gnu/11/include
 /usr/include/
 /usr/include
 /usr/include/x86_64-linux-gnu
 /usr/include/x86_64-linux-gnu/c++/11
End of search list.
Linking CXX executable cmTC_4cd8c
/apps/SPACK/0.18.1/opt/linux-ubuntu20.04-x86_64/gcc-9.4.0/cmake-3.23.1-y3d2cjiwv2qcy65ljekhm5h6ljw5kj2n/bin/cmake -E cmake_link_script CMakeFiles/cmTC_4cd8c.dir/link.txt --verbose=1
/apps/SPACK/0.18.1/opt/linux-ubuntu20.04-broadwell/gcc-9.4.0/intel-oneapi-compilers-2023.2.1-w5xspo5smexqooptupdcekxiosxeltyh/compiler/2023.2.1/linux/bin/intel64/icpc  -v -rdynamic CMakeFiles/cmTC_4cd8c.dir/CMakeCXXCompilerABI.cpp.o -o cmTC_4cd8c 
icpc: remark #10441: The Intel(R) C++ Compiler Classic (ICC) is deprecated and will be removed from product release in the second half of 2023. The Intel(R) oneAPI DPC++/C++ Compiler (ICX) is the recommended compiler moving forward. Please transition to use this compiler. Use '-diag-disable=10441' to disable this message.
icpc version 2021.10.0 (gcc version 11.4.0 compatibility)
/apps/SPACK/0.18.1/opt/linux-ubuntu20.04-broadwell/gcc-9.4.0/intel-oneapi-compilers-2023.2.1-w5xspo5smexqooptupdcekxiosxeltyh/compiler/2023.2.1/linux/bin/intel64/../../bin/intel64/mcpcom    -mGLOB_em64t=TRUE -mP1OPT_version=2021.10.0-intel64 -mGLOB_diag_file=CMakeFiles/cmTC_4cd8c.dir/CMakeCXXCompilerABI.cpp.diag -mGLOB_long_size_64 -mGLOB_routine_pointer_size_64 -mP1OPT_print_version=FALSE -mCG_use_gas_got_workaround=F -mP2OPT_align_option_used=TRUE -mGLOB_gcc_version=1140 "-mGLOB_options_string=-v -rdynamic -o cmTC_4cd8c" -mGLOB_cxx_limited_range=FALSE -mCG_extend_parms=FALSE -mGLOB_compiler_bin_directory=/apps/SPACK/0.18.1/opt/linux-ubuntu20.04-broadwell/gcc-9.4.0/intel-oneapi-compilers-2023.2.1-w5xspo5smexqooptupdcekxiosxeltyh/compiler/2023.2.1/linux/bin/intel64/../../bin/intel64 -mGLOB_as_output_backup_file_name=/tmp/icpcFs762yas_.s -mGLOB_dashboard_use_source_name -mIPOPT_activate -mGLOB_product_id_code=0x22006d90 -mP3OPT_use_mspp_call_convention -mP2OPT_subs_out_of_bound=FALSE -mP2OPT_disam_type_based_disam=2 -mP2OPT_disam_assume_ansi_c -mP2OPT_checked_disam_ansi_alias=TRUE -mGLOB_ansi_alias -mPGOPTI_value_profile_use=T -mGLOB_opt_report_use_source_name -mP2OPT_il0_array_sections=TRUE -mGLOB_offload_mode=1 -mGLOB_offload_no_openmp=TRUE -mP2OPT_offload_unique_var_string=icpc0572704368myOZM7 -mP2OPT_hlo -mP2OPT_hpo_rtt_control=0 -mIPOPT_args_in_regs=0 -mP2OPT_disam_assume_nonstd_intent_in=FALSE -mGLOB_imf_mapping_library=/apps/SPACK/0.18.1/opt/linux-ubuntu20.04-broadwell/gcc-9.4.0/intel-oneapi-compilers-2023.2.1-w5xspo5smexqooptupdcekxiosxeltyh/compiler/2023.2.1/linux/bin/intel64/../../bin/intel64/libiml_attr.so -mPGOPTI_gen_threadsafe_level=0 -mIPOPT_link -mIPOPT_ipo_activate -mIPOPT_mo_activate -mIPOPT_source_files_list=/tmp/icpcslists45B8 -mIPOPT_mo_global_data -mIPOPT_link_script_file=/tmp/icpcscriptoS4ifs "-mIPOPT_cmdline_link="/usr/lib/gcc/x86_64-linux-gnu/11/../../../x86_64-linux-gnu/Scrt1.o" "/usr/lib/gcc/x86_64-linux-gnu/11/../../../x86_64-linux-gnu/crti.o" "/usr/lib/gcc/x86_64-linux-gnu/11/crtbeginS.o" "-export-dynamic" "--eh-frame-hdr" "--build-id" "-dynamic-linker" "/lib64/ld-linux-x86-64.so.2" "-m" "elf_x86_64" "-o" "cmTC_4cd8c" "-L/apps/SPACK/0.18.1/opt/linux-ubuntu20.04-broadwell/gcc-9.4.0/intel-oneapi-compilers-2023.2.1-w5xspo5smexqooptupdcekxiosxeltyh/compiler/2023.2.1/linux/compiler/lib/intel64_lin" "-L/apps/SPACK/0.18.1/opt/linux-ubuntu20.04-broadwell/gcc-9.4.0/intel-oneapi-compilers-2023.2.1-w5xspo5smexqooptupdcekxiosxeltyh/compiler/2023.2.1/linux/lib" "-L/apps/SPACK/0.18.1/opt/linux-ubuntu20.04-broadwell/gcc-9.4.0/intel-oneapi-compilers-2023.2.1-w5xspo5smexqooptupdcekxiosxeltyh/compiler/2023.2.1/linux/bin/intel64/../../compiler/lib/intel64_lin" "-L/apps/SPACK/0.18.1/opt/linux-ubuntu20.04-broadwell/gcc-9.4.0/intel-oneapi-compilers-2023.2.1-w5xspo5smexqooptupdcekxiosxeltyh/compiler/2023.2.1/linux/lib/../lib/" "-L/usr/lib/gcc/x86_64-linux-gnu/11/" "-L/usr/lib/gcc/x86_64-linux-gnu/11/../../../x86_64-linux-gnu/" "-L/usr/lib/gcc/x86_64-linux-gnu/11/../../../../lib64" "-L/usr/lib/gcc/x86_64-linux-gnu/11/../../../../lib/" "-L/lib/x86_64-linux-gnu/" "-L/lib/../lib64" "-L/lib/../lib/" "-L/usr/lib/x86_64-linux-gnu/" "-L/usr/lib/../lib64" "-L/usr/lib/../lib/" "-L/apps/SPACK/0.18.1/opt/linux-ubuntu20.04-broadwell/gcc-9.4.0/intel-oneapi-compilers-2023.2.1-w5xspo5smexqooptupdcekxiosxeltyh/compiler/2023.2.1/linux/compiler/lib/intel64_lin/" "-L/apps/SPACK/0.18.1/opt/linux-ubuntu20.04-broadwell/gcc-9.4.0/intel-oneapi-compilers-2023.2.1-w5xspo5smexqooptupdcekxiosxeltyh/compiler/2023.2.1/linux/lib/" "-L/usr/lib/gcc/x86_64-linux-gnu/11/../../../" "-L/lib64" "-L/lib/" "-L/usr/lib64" "-L/usr/lib" "CMakeFiles/cmTC_4cd8c.dir/CMakeCXXCompilerABI.cpp.o" "-Bdynamic" "-Bstatic" "-limf" "-lsvml" "-lirng" "-Bdynamic" "-lstdc++" "-lm" "-Bstatic" "-lipgo" "-ldecimal" "--as-needed" "-Bdynamic" "-lcilkrts" "--no-as-needed" "-lstdc++" "-lgcc" "--as-needed" "-lgcc_s" "--no-as-needed" "-Bstatic" "-lirc" "-lsvml" "-Bdynamic" "-lc" "-lgcc" "--as-needed" "-lgcc_s" "--no-as-needed" "-Bstatic" "-lirc_s" "-Bdynamic" "-ldl" "-lc" "/usr/lib/gcc/x86_64-linux-gnu/11/crtendS.o" "/usr/lib/gcc/x86_64-linux-gnu/11/../../../x86_64-linux-gnu/crtn.o"" -mIPOPT_il_in_obj -mIPOPT_ipo_activate_warn=FALSE -mIPOPT_obj_output_file_name=/tmp/ipo_icpcubrDMU.o -mIPOPT_whole_archive_fixup_file_name=/tmp/icpcwarch8mPj2j -mGLOB_linker_version=2.38 -mGLOB_linker=ld -mGLOB_driver_tempfile_name=/tmp/icpctempfileSAYMSL -mP3OPT_asm_target=P3OPT_ASM_TARGET_GAS -mGLOB_async_unwind_tables=TRUE -mGLOB_obj_output_file=/tmp/ipo_icpcubrDMU.o -mGLOB_source_dialect=GLOB_SOURCE_DIALECT_NONE -mP1OPT_source_file_name=ipo_out.c CMakeFiles/cmTC_4cd8c.dir/CMakeCXXCompilerABI.cpp.o -mIPOPT_object_files=T -mIPOPT_assembly_files=/tmp/icpcalis8dD0pD -mIPOPT_generated_tempfiles=/tmp/icpcelisfTNVEp -mIPOPT_embedded_object_base_name=/tmp/icpceobjiP1BkA -mIPOPT_cmdline_link_new_name=/tmp/icpcllisnpLccK
ld    /usr/lib/gcc/x86_64-linux-gnu/11/../../../x86_64-linux-gnu/Scrt1.o /usr/lib/gcc/x86_64-linux-gnu/11/../../../x86_64-linux-gnu/crti.o /usr/lib/gcc/x86_64-linux-gnu/11/crtbeginS.o -export-dynamic --eh-frame-hdr --build-id -dynamic-linker /lib64/ld-linux-x86-64.so.2 -m elf_x86_64 -o cmTC_4cd8c -L/apps/SPACK/0.18.1/opt/linux-ubuntu20.04-broadwell/gcc-9.4.0/intel-oneapi-compilers-2023.2.1-w5xspo5smexqooptupdcekxiosxeltyh/compiler/2023.2.1/linux/compiler/lib/intel64_lin -L/apps/SPACK/0.18.1/opt/linux-ubuntu20.04-broadwell/gcc-9.4.0/intel-oneapi-compilers-2023.2.1-w5xspo5smexqooptupdcekxiosxeltyh/compiler/2023.2.1/linux/lib -L/apps/SPACK/0.18.1/opt/linux-ubuntu20.04-broadwell/gcc-9.4.0/intel-oneapi-compilers-2023.2.1-w5xspo5smexqooptupdcekxiosxeltyh/compiler/2023.2.1/linux/bin/intel64/../../compiler/lib/intel64_lin -L/apps/SPACK/0.18.1/opt/linux-ubuntu20.04-broadwell/gcc-9.4.0/intel-oneapi-compilers-2023.2.1-w5xspo5smexqooptupdcekxiosxeltyh/compiler/2023.2.1/linux/lib/../lib/ -L/usr/lib/gcc/x86_64-linux-gnu/11/ -L/usr/lib/gcc/x86_64-linux-gnu/11/../../../x86_64-linux-gnu/ -L/usr/lib/gcc/x86_64-linux-gnu/11/../../../../lib64 -L/usr/lib/gcc/x86_64-linux-gnu/11/../../../../lib/ -L/lib/x86_64-linux-gnu/ -L/lib/../lib64 -L/lib/../lib/ -L/usr/lib/x86_64-linux-gnu/ -L/usr/lib/../lib64 -L/usr/lib/../lib/ -L/apps/SPACK/0.18.1/opt/linux-ubuntu20.04-broadwell/gcc-9.4.0/intel-oneapi-compilers-2023.2.1-w5xspo5smexqooptupdcekxiosxeltyh/compiler/2023.2.1/linux/compiler/lib/intel64_lin/ -L/apps/SPACK/0.18.1/opt/linux-ubuntu20.04-broadwell/gcc-9.4.0/intel-oneapi-compilers-2023.2.1-w5xspo5smexqooptupdcekxiosxeltyh/compiler/2023.2.1/linux/lib/ -L/usr/lib/gcc/x86_64-linux-gnu/11/../../../ -L/lib64 -L/lib/ -L/usr/lib64 -L/usr/lib CMakeFiles/cmTC_4cd8c.dir/CMakeCXXCompilerABI.cpp.o -Bdynamic -Bstatic -limf -lsvml -lirng -Bdynamic -lstdc++ -lm -Bstatic -lipgo -ldecimal --as-needed -Bdynamic -lcilkrts --no-as-needed -lstdc++ -lgcc --as-needed -lgcc_s --no-as-needed -Bstatic -lirc -lsvml -Bdynamic -lc -lgcc --as-needed -lgcc_s --no-as-needed -Bstatic -lirc_s -Bdynamic -ldl -lc /usr/lib/gcc/x86_64-linux-gnu/11/crtendS.o /usr/lib/gcc/x86_64-linux-gnu/11/../../../x86_64-linux-gnu/crtn.o
gmake[1]: Leaving directory '/home/hpc/ihpc/ihpc040h/LULESH_AD/LULESH/build_OMP_ICX36/CMakeFiles/CMakeTmp'



Parsed CXX implicit include dir info from above output: rv=done
  found start of include info
  found start of implicit include info
    add: [/apps/SPACK/0.18.1/opt/linux-ubuntu20.04-broadwell/gcc-9.4.0/intel-oneapi-compilers-2023.2.1-w5xspo5smexqooptupdcekxiosxeltyh/compiler/2023.2.1/linux/lib/oclfpga/include]
    add: [/apps/SPACK/0.18.1/opt/linux-ubuntu20.04-broadwell/gcc-9.4.0/intel-oneapi-compilers-2023.2.1-w5xspo5smexqooptupdcekxiosxeltyh/compiler/2023.2.1/linux/bin/intel64/../../compiler/include/intel64]
    add: [/apps/SPACK/0.18.1/opt/linux-ubuntu20.04-broadwell/gcc-9.4.0/intel-oneapi-compilers-2023.2.1-w5xspo5smexqooptupdcekxiosxeltyh/compiler/2023.2.1/linux/bin/intel64/../../compiler/include/icc]
    add: [/apps/SPACK/0.18.1/opt/linux-ubuntu20.04-broadwell/gcc-9.4.0/intel-oneapi-compilers-2023.2.1-w5xspo5smexqooptupdcekxiosxeltyh/compiler/2023.2.1/linux/bin/intel64/../../compiler/include]
    add: [/usr/include/c++/11]
    add: [/usr/include/c++/11/backward]
    add: [/usr/local/include]
    add: [/usr/lib/gcc/x86_64-linux-gnu/11/include]
    add: [/usr/include/]
    add: [/usr/include]
    add: [/usr/include/x86_64-linux-gnu]
    add: [/usr/include/x86_64-linux-gnu/c++/11]
  end of search list found
  collapse include dir [/apps/SPACK/0.18.1/opt/linux-ubuntu20.04-broadwell/gcc-9.4.0/intel-oneapi-compilers-2023.2.1-w5xspo5smexqooptupdcekxiosxeltyh/compiler/2023.2.1/linux/lib/oclfpga/include] ==> [/apps/SPACK/0.18.1/opt/linux-ubuntu20.04-broadwell/gcc-9.4.0/intel-oneapi-compilers-2023.2.1-w5xspo5smexqooptupdcekxiosxeltyh/compiler/2023.2.1/linux/lib/oclfpga/include]
  collapse include dir [/apps/SPACK/0.18.1/opt/linux-ubuntu20.04-broadwell/gcc-9.4.0/intel-oneapi-compilers-2023.2.1-w5xspo5smexqooptupdcekxiosxeltyh/compiler/2023.2.1/linux/bin/intel64/../../compiler/include/intel64] ==> [/apps/SPACK/0.18.1/opt/linux-ubuntu20.04-broadwell/gcc-9.4.0/intel-oneapi-compilers-2023.2.1-w5xspo5smexqooptupdcekxiosxeltyh/compiler/2023.2.1/linux/compiler/include/intel64]
  collapse include dir [/apps/SPACK/0.18.1/opt/linux-ubuntu20.04-broadwell/gcc-9.4.0/intel-oneapi-compilers-2023.2.1-w5xspo5smexqooptupdcekxiosxeltyh/compiler/2023.2.1/linux/bin/intel64/../../compiler/include/icc] ==> [/apps/SPACK/0.18.1/opt/linux-ubuntu20.04-broadwell/gcc-9.4.0/intel-oneapi-compilers-2023.2.1-w5xspo5smexqooptupdcekxiosxeltyh/compiler/2023.2.1/linux/compiler/include/icc]
  collapse include dir [/apps/SPACK/0.18.1/opt/linux-ubuntu20.04-broadwell/gcc-9.4.0/intel-oneapi-compilers-2023.2.1-w5xspo5smexqooptupdcekxiosxeltyh/compiler/2023.2.1/linux/bin/intel64/../../compiler/include] ==> [/apps/SPACK/0.18.1/opt/linux-ubuntu20.04-broadwell/gcc-9.4.0/intel-oneapi-compilers-2023.2.1-w5xspo5smexqooptupdcekxiosxeltyh/compiler/2023.2.1/linux/compiler/include]
  collapse include dir [/usr/include/c++/11] ==> [/usr/include/c++/11]
  collapse include dir [/usr/include/c++/11/backward] ==> [/usr/include/c++/11/backward]
  collapse include dir [/usr/local/include] ==> [/usr/local/include]
  collapse include dir [/usr/lib/gcc/x86_64-linux-gnu/11/include] ==> [/usr/lib/gcc/x86_64-linux-gnu/11/include]
  collapse include dir [/usr/include/] ==> [/usr/include]
  collapse include dir [/usr/include] ==> [/usr/include]
  collapse include dir [/usr/include/x86_64-linux-gnu] ==> [/usr/include/x86_64-linux-gnu]
  collapse include dir [/usr/include/x86_64-linux-gnu/c++/11] ==> [/usr/include/x86_64-linux-gnu/c++/11]
  implicit include dirs: [/apps/SPACK/0.18.1/opt/linux-ubuntu20.04-broadwell/gcc-9.4.0/intel-oneapi-compilers-2023.2.1-w5xspo5smexqooptupdcekxiosxeltyh/compiler/2023.2.1/linux/lib/oclfpga/include;/apps/SPACK/0.18.1/opt/linux-ubuntu20.04-broadwell/gcc-9.4.0/intel-oneapi-compilers-2023.2.1-w5xspo5smexqooptupdcekxiosxeltyh/compiler/2023.2.1/linux/compiler/include/intel64;/apps/SPACK/0.18.1/opt/linux-ubuntu20.04-broadwell/gcc-9.4.0/intel-oneapi-compilers-2023.2.1-w5xspo5smexqooptupdcekxiosxeltyh/compiler/2023.2.1/linux/compiler/include/icc;/apps/SPACK/0.18.1/opt/linux-ubuntu20.04-broadwell/gcc-9.4.0/intel-oneapi-compilers-2023.2.1-w5xspo5smexqooptupdcekxiosxeltyh/compiler/2023.2.1/linux/compiler/include;/usr/include/c++/11;/usr/include/c++/11/backward;/usr/local/include;/usr/lib/gcc/x86_64-linux-gnu/11/include;/usr/include;/usr/include/x86_64-linux-gnu;/usr/include/x86_64-linux-gnu/c++/11]


Parsed CXX implicit link information from above output:
  link line regex: [^( *|.*[/\])(ld|CMAKE_LINK_STARTFILE-NOTFOUND|([^/\]+-)?ld|collect2)[^/\]*( |$)]
  ignore line: [Change Dir: /home/hpc/ihpc/ihpc040h/LULESH_AD/LULESH/build_OMP_ICX36/CMakeFiles/CMakeTmp]
  ignore line: []
  ignore line: [Run Build Command(s):/usr/bin/gmake -f Makefile cmTC_4cd8c/fast && /usr/bin/gmake  -f CMakeFiles/cmTC_4cd8c.dir/build.make CMakeFiles/cmTC_4cd8c.dir/build]
  ignore line: [gmake[1]: Entering directory '/home/hpc/ihpc/ihpc040h/LULESH_AD/LULESH/build_OMP_ICX36/CMakeFiles/CMakeTmp']
  ignore line: [Building CXX object CMakeFiles/cmTC_4cd8c.dir/CMakeCXXCompilerABI.cpp.o]
  ignore line: [/apps/SPACK/0.18.1/opt/linux-ubuntu20.04-broadwell/gcc-9.4.0/intel-oneapi-compilers-2023.2.1-w5xspo5smexqooptupdcekxiosxeltyh/compiler/2023.2.1/linux/bin/intel64/icpc   -v -MD -MT CMakeFiles/cmTC_4cd8c.dir/CMakeCXXCompilerABI.cpp.o -MF CMakeFiles/cmTC_4cd8c.dir/CMakeCXXCompilerABI.cpp.o.d -o CMakeFiles/cmTC_4cd8c.dir/CMakeCXXCompilerABI.cpp.o -c /apps/SPACK/0.18.1/opt/linux-ubuntu20.04-x86_64/gcc-9.4.0/cmake-3.23.1-y3d2cjiwv2qcy65ljekhm5h6ljw5kj2n/share/cmake-3.23/Modules/CMakeCXXCompilerABI.cpp]
  ignore line: [icpc: remark #10441: The Intel(R) C++ Compiler Classic (ICC) is deprecated and will be removed from product release in the second half of 2023. The Intel(R) oneAPI DPC++/C++ Compiler (ICX) is the recommended compiler moving forward. Please transition to use this compiler. Use '-diag-disable=10441' to disable this message.]
  ignore line: [icpc version 2021.10.0 (gcc version 11.4.0 compatibility)]
  ignore line: [/apps/SPACK/0.18.1/opt/linux-ubuntu20.04-broadwell/gcc-9.4.0/intel-oneapi-compilers-2023.2.1-w5xspo5smexqooptupdcekxiosxeltyh/compiler/2023.2.1/linux/bin/intel64/../../bin/intel64/mcpcom    --target_efi2 --lang=c++ -oCMakeFiles/cmTC_4cd8c.dir/CMakeCXXCompilerABI.cpp.o -_g -mP3OPT_inline_alloca -D__ICC=2021 -D__INTEL_COMPILER=2021 -D__INTEL_COMPILER_UPDATE=10 -D__PTRDIFF_TYPE__=long "-D__SIZE_TYPE__=unsigned long" -D__WCHAR_TYPE__=int "-D__WINT_TYPE__=unsigned int" "-D__INTMAX_TYPE__=long int" "-D__UINTMAX_TYPE__=long unsigned int" -D__GLIBCXX_TYPE_INT_N_0=__int128 -D__GLIBCXX_BITSIZE_INT_N_0=128 -D__LONG_MAX__=9223372036854775807L -D__QMSPP_ -D__OPTIMIZE__ -D__NO_MATH_INLINES -D__NO_STRING_INLINES -D__GNUC_GNU_INLINE__ -D__GNUG__=11 -D__GNUC__=11 -D__GNUC_MINOR__=4 -D__GNUC_PATCHLEVEL__=0 -D__LP64__ -D_LP64 -D_GNU_SOURCE=1 -D__DEPRECATED=1 -D__GXX_WEAK__=1 -D__GXX_ABI_VERSION=1010 "-D__USER_LABEL_PREFIX__= " -D__REGISTER_PREFIX__= -D__INTEL_RTTI__ -D__EXCEPTIONS=1 -D__unix__ -D__unix -D__linux__ -D__linux -D__gnu_linux__ -B -Dunix -Dlinux "-_Asystem(unix)" -D__ELF__ -D__x86_64 -D__x86_64__ -D__amd64 -D__amd64__ "-_Acpu(x86_64)" "-_Amachine(x86_64)" -D__INTEL_COMPILER_BUILD_DATE=20230609 -D__INTEL_OFFLOAD -D__MMX__ -D__SSE__ -D__SSE_MATH__ -D__SSE2__ -D__SSE2_MATH__ -D__pentium4 -D__pentium4__ -D__tune_pentium4__ -_k -_8 -_l --has_new_stdarg_support -_a -_b --gnu_version=110400 -_W5 -p --bool -tused -x --openmp_simd --noopenmp_offload --dependency_file_name CMakeFiles/cmTC_4cd8c.dir/CMakeCXXCompilerABI.cpp.o.d --compile_dependencies --dependency_target_name CMakeFiles/cmTC_4cd8c.dir/CMakeCXXCompilerABI.cpp.o --multibyte_chars -mGLOB_diag_suppress_sys --system_preinclude /usr/include/stdc-predef.h -I/apps/SPACK/0.18.1/opt/linux-ubuntu20.04-broadwell/gcc-9.4.0/intel-oneapi-compilers-2023.2.1-w5xspo5smexqooptupdcekxiosxeltyh/compiler/2023.2.1/linux/lib/oclfpga/include --array_section --simd --simd_func --offload_mode=1 --offload_target_names=mic MIC --offload_unique_string=icpc1241839083G9mOG3 --bool -mGLOB_em64t=TRUE -mP1OPT_version=2021.10.0-intel64 -mGLOB_diag_file=CMakeFiles/cmTC_4cd8c.dir/CMakeCXXCompilerABI.cpp.diag -mGLOB_long_size_64 -mGLOB_routine_pointer_size_64 -mP1OPT_print_version=FALSE -mCG_use_gas_got_workaround=F -mP2OPT_align_option_used=TRUE -mGLOB_gcc_version=1140 "-mGLOB_options_string=-v -MD -MT CMakeFiles/cmTC_4cd8c.dir/CMakeCXXCompilerABI.cpp.o -MF CMakeFiles/cmTC_4cd8c.dir/CMakeCXXCompilerABI.cpp.o.d -o CMakeFiles/cmTC_4cd8c.dir/CMakeCXXCompilerABI.cpp.o -c" -mGLOB_cxx_limited_range=FALSE -mCG_extend_parms=FALSE -mGLOB_compiler_bin_directory=/apps/SPACK/0.18.1/opt/linux-ubuntu20.04-broadwell/gcc-9.4.0/intel-oneapi-compilers-2023.2.1-w5xspo5smexqooptupdcekxiosxeltyh/compiler/2023.2.1/linux/bin/intel64/../../bin/intel64 -mGLOB_as_output_backup_file_name=/tmp/icpcweR57Oas_.s -mIPOPT_activate -mIPOPT_lite -mGLOB_uarch_tuning=0x0 -mGLOB_product_id_code=0x22006d90 -mCG_bnl_movbe=T -mP3OPT_use_mspp_call_convention -mP2OPT_subs_out_of_bound=FALSE -mP2OPT_disam_type_based_disam=2 -mP2OPT_disam_assume_ansi_c -mP2OPT_checked_disam_ansi_alias=TRUE -mGLOB_ansi_alias -mPGOPTI_value_profile_use=T -mP2OPT_il0_array_sections=TRUE -mGLOB_offload_mode=1 -mGLOB_offload_no_openmp=TRUE -mP2OPT_offload_unique_var_string=icpc1241839083G9mOG3 -mP2OPT_hlo_level=2 -mP2OPT_hlo -mP2OPT_hpo_rtt_control=0 -mIPOPT_args_in_regs=0 -mP2OPT_disam_assume_nonstd_intent_in=FALSE -mGLOB_imf_mapping_library=/apps/SPACK/0.18.1/opt/linux-ubuntu20.04-broadwell/gcc-9.4.0/intel-oneapi-compilers-2023.2.1-w5xspo5smexqooptupdcekxiosxeltyh/compiler/2023.2.1/linux/bin/intel64/../../bin/intel64/libiml_attr.so -mPGOPTI_gen_threadsafe_level=0 -mIPOPT_lto_object_enabled -mIPOPT_lto_object_value=1 -mIPOPT_obj_output_file_name=CMakeFiles/cmTC_4cd8c.dir/CMakeCXXCompilerABI.cpp.o -mIPOPT_whole_archive_fixup_file_name=/tmp/icpcwarchNDnJe7 -mGLOB_linker_version=2.38 -mGLOB_linker=ld -mGLOB_driver_tempfile_name=/tmp/icpctempfilejibTDQ -mP3OPT_asm_target=P3OPT_ASM_TARGET_GAS -mGLOB_async_unwind_tables=TRUE -mGLOB_obj_output_file=CMakeFiles/cmTC_4cd8c.dir/CMakeCXXCompilerABI.cpp.o -mGLOB_source_dialect=GLOB_SOURCE_DIALECT_C_PLUS_PLUS -mP1OPT_source_file_name=/apps/SPACK/0.18.1/opt/linux-ubuntu20.04-x86_64/gcc-9.4.0/cmake-3.23.1-y3d2cjiwv2qcy65ljekhm5h6ljw5kj2n/share/cmake-3.23/Modules/CMakeCXXCompilerABI.cpp -mP1OPT_full_source_file_name=/apps/SPACK/0.18.1/opt/linux-ubuntu20.04-x86_64/gcc-9.4.0/cmake-3.23.1-y3d2cjiwv2qcy65ljekhm5h6ljw5kj2n/share/cmake-3.23/Modules/CMakeCXXCompilerABI.cpp -mGLOB_eh_linux /apps/SPACK/0.18.1/opt/linux-ubuntu20.04-x86_64/gcc-9.4.0/cmake-3.23.1-y3d2cjiwv2qcy65ljekhm5h6ljw5kj2n/share/cmake-3.23/Modules/CMakeCXXCompilerABI.cpp]
  ignore line: [#include "..." search starts here:]
  ignore line: [#include <...> search starts here:]
  ignore line: [ /apps/SPACK/0.18.1/opt/linux-ubuntu20.04-broadwell/gcc-9.4.0/intel-oneapi-compilers-2023.2.1-w5xspo5smexqooptupdcekxiosxeltyh/compiler/2023.2.1/linux/lib/oclfpga/include]
  ignore line: [ /apps/SPACK/0.18.1/opt/linux-ubuntu20.04-broadwell/gcc-9.4.0/intel-oneapi-compilers-2023.2.1-w5xspo5smexqooptupdcekxiosxeltyh/compiler/2023.2.1/linux/bin/intel64/../../compiler/include/intel64]
  ignore line: [ /apps/SPACK/0.18.1/opt/linux-ubuntu20.04-broadwell/gcc-9.4.0/intel-oneapi-compilers-2023.2.1-w5xspo5smexqooptupdcekxiosxeltyh/compiler/2023.2.1/linux/bin/intel64/../../compiler/include/icc]
  ignore line: [ /apps/SPACK/0.18.1/opt/linux-ubuntu20.04-broadwell/gcc-9.4.0/intel-oneapi-compilers-2023.2.1-w5xspo5smexqooptupdcekxiosxeltyh/compiler/2023.2.1/linux/bin/intel64/../../compiler/include]
  ignore line: [ /usr/include/c++/11]
  ignore line: [ /usr/include/c++/11/backward]
  ignore line: [ /usr/local/include]
  ignore line: [ /usr/lib/gcc/x86_64-linux-gnu/11/include]
  ignore line: [ /usr/include/]
  ignore line: [ /usr/include]
  ignore line: [ /usr/include/x86_64-linux-gnu]
  ignore line: [ /usr/include/x86_64-linux-gnu/c++/11]
  ignore line: [End of search list.]
  ignore line: [Linking CXX executable cmTC_4cd8c]
  ignore line: [/apps/SPACK/0.18.1/opt/linux-ubuntu20.04-x86_64/gcc-9.4.0/cmake-3.23.1-y3d2cjiwv2qcy65ljekhm5h6ljw5kj2n/bin/cmake -E cmake_link_script CMakeFiles/cmTC_4cd8c.dir/link.txt --verbose=1]
  ignore line: [/apps/SPACK/0.18.1/opt/linux-ubuntu20.04-broadwell/gcc-9.4.0/intel-oneapi-compilers-2023.2.1-w5xspo5smexqooptupdcekxiosxeltyh/compiler/2023.2.1/linux/bin/intel64/icpc  -v -rdynamic CMakeFiles/cmTC_4cd8c.dir/CMakeCXXCompilerABI.cpp.o -o cmTC_4cd8c ]
  ignore line: [icpc: remark #10441: The Intel(R) C++ Compiler Classic (ICC) is deprecated and will be removed from product release in the second half of 2023. The Intel(R) oneAPI DPC++/C++ Compiler (ICX) is the recommended compiler moving forward. Please transition to use this compiler. Use '-diag-disable=10441' to disable this message.]
  ignore line: [icpc version 2021.10.0 (gcc version 11.4.0 compatibility)]
  ignore line: [/apps/SPACK/0.18.1/opt/linux-ubuntu20.04-broadwell/gcc-9.4.0/intel-oneapi-compilers-2023.2.1-w5xspo5smexqooptupdcekxiosxeltyh/compiler/2023.2.1/linux/bin/intel64/../../bin/intel64/mcpcom    -mGLOB_em64t=TRUE -mP1OPT_version=2021.10.0-intel64 -mGLOB_diag_file=CMakeFiles/cmTC_4cd8c.dir/CMakeCXXCompilerABI.cpp.diag -mGLOB_long_size_64 -mGLOB_routine_pointer_size_64 -mP1OPT_print_version=FALSE -mCG_use_gas_got_workaround=F -mP2OPT_align_option_used=TRUE -mGLOB_gcc_version=1140 "-mGLOB_options_string=-v -rdynamic -o cmTC_4cd8c" -mGLOB_cxx_limited_range=FALSE -mCG_extend_parms=FALSE -mGLOB_compiler_bin_directory=/apps/SPACK/0.18.1/opt/linux-ubuntu20.04-broadwell/gcc-9.4.0/intel-oneapi-compilers-2023.2.1-w5xspo5smexqooptupdcekxiosxeltyh/compiler/2023.2.1/linux/bin/intel64/../../bin/intel64 -mGLOB_as_output_backup_file_name=/tmp/icpcFs762yas_.s -mGLOB_dashboard_use_source_name -mIPOPT_activate -mGLOB_product_id_code=0x22006d90 -mP3OPT_use_mspp_call_convention -mP2OPT_subs_out_of_bound=FALSE -mP2OPT_disam_type_based_disam=2 -mP2OPT_disam_assume_ansi_c -mP2OPT_checked_disam_ansi_alias=TRUE -mGLOB_ansi_alias -mPGOPTI_value_profile_use=T -mGLOB_opt_report_use_source_name -mP2OPT_il0_array_sections=TRUE -mGLOB_offload_mode=1 -mGLOB_offload_no_openmp=TRUE -mP2OPT_offload_unique_var_string=icpc0572704368myOZM7 -mP2OPT_hlo -mP2OPT_hpo_rtt_control=0 -mIPOPT_args_in_regs=0 -mP2OPT_disam_assume_nonstd_intent_in=FALSE -mGLOB_imf_mapping_library=/apps/SPACK/0.18.1/opt/linux-ubuntu20.04-broadwell/gcc-9.4.0/intel-oneapi-compilers-2023.2.1-w5xspo5smexqooptupdcekxiosxeltyh/compiler/2023.2.1/linux/bin/intel64/../../bin/intel64/libiml_attr.so -mPGOPTI_gen_threadsafe_level=0 -mIPOPT_link -mIPOPT_ipo_activate -mIPOPT_mo_activate -mIPOPT_source_files_list=/tmp/icpcslists45B8 -mIPOPT_mo_global_data -mIPOPT_link_script_file=/tmp/icpcscriptoS4ifs "-mIPOPT_cmdline_link="/usr/lib/gcc/x86_64-linux-gnu/11/../../../x86_64-linux-gnu/Scrt1.o" "/usr/lib/gcc/x86_64-linux-gnu/11/../../../x86_64-linux-gnu/crti.o" "/usr/lib/gcc/x86_64-linux-gnu/11/crtbeginS.o" "-export-dynamic" "--eh-frame-hdr" "--build-id" "-dynamic-linker" "/lib64/ld-linux-x86-64.so.2" "-m" "elf_x86_64" "-o" "cmTC_4cd8c" "-L/apps/SPACK/0.18.1/opt/linux-ubuntu20.04-broadwell/gcc-9.4.0/intel-oneapi-compilers-2023.2.1-w5xspo5smexqooptupdcekxiosxeltyh/compiler/2023.2.1/linux/compiler/lib/intel64_lin" "-L/apps/SPACK/0.18.1/opt/linux-ubuntu20.04-broadwell/gcc-9.4.0/intel-oneapi-compilers-2023.2.1-w5xspo5smexqooptupdcekxiosxeltyh/compiler/2023.2.1/linux/lib" "-L/apps/SPACK/0.18.1/opt/linux-ubuntu20.04-broadwell/gcc-9.4.0/intel-oneapi-compilers-2023.2.1-w5xspo5smexqooptupdcekxiosxeltyh/compiler/2023.2.1/linux/bin/intel64/../../compiler/lib/intel64_lin" "-L/apps/SPACK/0.18.1/opt/linux-ubuntu20.04-broadwell/gcc-9.4.0/intel-oneapi-compilers-2023.2.1-w5xspo5smexqooptupdcekxiosxeltyh/compiler/2023.2.1/linux/lib/../lib/" "-L/usr/lib/gcc/x86_64-linux-gnu/11/" "-L/usr/lib/gcc/x86_64-linux-gnu/11/../../../x86_64-linux-gnu/" "-L/usr/lib/gcc/x86_64-linux-gnu/11/../../../../lib64" "-L/usr/lib/gcc/x86_64-linux-gnu/11/../../../../lib/" "-L/lib/x86_64-linux-gnu/" "-L/lib/../lib64" "-L/lib/../lib/" "-L/usr/lib/x86_64-linux-gnu/" "-L/usr/lib/../lib64" "-L/usr/lib/../lib/" "-L/apps/SPACK/0.18.1/opt/linux-ubuntu20.04-broadwell/gcc-9.4.0/intel-oneapi-compilers-2023.2.1-w5xspo5smexqooptupdcekxiosxeltyh/compiler/2023.2.1/linux/compiler/lib/intel64_lin/" "-L/apps/SPACK/0.18.1/opt/linux-ubuntu20.04-broadwell/gcc-9.4.0/intel-oneapi-compilers-2023.2.1-w5xspo5smexqooptupdcekxiosxeltyh/compiler/2023.2.1/linux/lib/" "-L/usr/lib/gcc/x86_64-linux-gnu/11/../../../" "-L/lib64" "-L/lib/" "-L/usr/lib64" "-L/usr/lib" "CMakeFiles/cmTC_4cd8c.dir/CMakeCXXCompilerABI.cpp.o" "-Bdynamic" "-Bstatic" "-limf" "-lsvml" "-lirng" "-Bdynamic" "-lstdc++" "-lm" "-Bstatic" "-lipgo" "-ldecimal" "--as-needed" "-Bdynamic" "-lcilkrts" "--no-as-needed" "-lstdc++" "-lgcc" "--as-needed" "-lgcc_s" "--no-as-needed" "-Bstatic" "-lirc" "-lsvml" "-Bdynamic" "-lc" "-lgcc" "--as-needed" "-lgcc_s" "--no-as-needed" "-Bstatic" "-lirc_s" "-Bdynamic" "-ldl" "-lc" "/usr/lib/gcc/x86_64-linux-gnu/11/crtendS.o" "/usr/lib/gcc/x86_64-linux-gnu/11/../../../x86_64-linux-gnu/crtn.o"" -mIPOPT_il_in_obj -mIPOPT_ipo_activate_warn=FALSE -mIPOPT_obj_output_file_name=/tmp/ipo_icpcubrDMU.o -mIPOPT_whole_archive_fixup_file_name=/tmp/icpcwarch8mPj2j -mGLOB_linker_version=2.38 -mGLOB_linker=ld -mGLOB_driver_tempfile_name=/tmp/icpctempfileSAYMSL -mP3OPT_asm_target=P3OPT_ASM_TARGET_GAS -mGLOB_async_unwind_tables=TRUE -mGLOB_obj_output_file=/tmp/ipo_icpcubrDMU.o -mGLOB_source_dialect=GLOB_SOURCE_DIALECT_NONE -mP1OPT_source_file_name=ipo_out.c CMakeFiles/cmTC_4cd8c.dir/CMakeCXXCompilerABI.cpp.o -mIPOPT_object_files=T -mIPOPT_assembly_files=/tmp/icpcalis8dD0pD -mIPOPT_generated_tempfiles=/tmp/icpcelisfTNVEp -mIPOPT_embedded_object_base_name=/tmp/icpceobjiP1BkA -mIPOPT_cmdline_link_new_name=/tmp/icpcllisnpLccK]
  link line: [ld    /usr/lib/gcc/x86_64-linux-gnu/11/../../../x86_64-linux-gnu/Scrt1.o /usr/lib/gcc/x86_64-linux-gnu/11/../../../x86_64-linux-gnu/crti.o /usr/lib/gcc/x86_64-linux-gnu/11/crtbeginS.o -export-dynamic --eh-frame-hdr --build-id -dynamic-linker /lib64/ld-linux-x86-64.so.2 -m elf_x86_64 -o cmTC_4cd8c -L/apps/SPACK/0.18.1/opt/linux-ubuntu20.04-broadwell/gcc-9.4.0/intel-oneapi-compilers-2023.2.1-w5xspo5smexqooptupdcekxiosxeltyh/compiler/2023.2.1/linux/compiler/lib/intel64_lin -L/apps/SPACK/0.18.1/opt/linux-ubuntu20.04-broadwell/gcc-9.4.0/intel-oneapi-compilers-2023.2.1-w5xspo5smexqooptupdcekxiosxeltyh/compiler/2023.2.1/linux/lib -L/apps/SPACK/0.18.1/opt/linux-ubuntu20.04-broadwell/gcc-9.4.0/intel-oneapi-compilers-2023.2.1-w5xspo5smexqooptupdcekxiosxeltyh/compiler/2023.2.1/linux/bin/intel64/../../compiler/lib/intel64_lin -L/apps/SPACK/0.18.1/opt/linux-ubuntu20.04-broadwell/gcc-9.4.0/intel-oneapi-compilers-2023.2.1-w5xspo5smexqooptupdcekxiosxeltyh/compiler/2023.2.1/linux/lib/../lib/ -L/usr/lib/gcc/x86_64-linux-gnu/11/ -L/usr/lib/gcc/x86_64-linux-gnu/11/../../../x86_64-linux-gnu/ -L/usr/lib/gcc/x86_64-linux-gnu/11/../../../../lib64 -L/usr/lib/gcc/x86_64-linux-gnu/11/../../../../lib/ -L/lib/x86_64-linux-gnu/ -L/lib/../lib64 -L/lib/../lib/ -L/usr/lib/x86_64-linux-gnu/ -L/usr/lib/../lib64 -L/usr/lib/../lib/ -L/apps/SPACK/0.18.1/opt/linux-ubuntu20.04-broadwell/gcc-9.4.0/intel-oneapi-compilers-2023.2.1-w5xspo5smexqooptupdcekxiosxeltyh/compiler/2023.2.1/linux/compiler/lib/intel64_lin/ -L/apps/SPACK/0.18.1/opt/linux-ubuntu20.04-broadwell/gcc-9.4.0/intel-oneapi-compilers-2023.2.1-w5xspo5smexqooptupdcekxiosxeltyh/compiler/2023.2.1/linux/lib/ -L/usr/lib/gcc/x86_64-linux-gnu/11/../../../ -L/lib64 -L/lib/ -L/usr/lib64 -L/usr/lib CMakeFiles/cmTC_4cd8c.dir/CMakeCXXCompilerABI.cpp.o -Bdynamic -Bstatic -limf -lsvml -lirng -Bdynamic -lstdc++ -lm -Bstatic -lipgo -ldecimal --as-needed -Bdynamic -lcilkrts --no-as-needed -lstdc++ -lgcc --as-needed -lgcc_s --no-as-needed -Bstatic -lirc -lsvml -Bdynamic -lc -lgcc --as-needed -lgcc_s --no-as-needed -Bstatic -lirc_s -Bdynamic -ldl -lc /usr/lib/gcc/x86_64-linux-gnu/11/crtendS.o /usr/lib/gcc/x86_64-linux-gnu/11/../../../x86_64-linux-gnu/crtn.o]
    arg [ld] ==> ignore
    arg [/usr/lib/gcc/x86_64-linux-gnu/11/../../../x86_64-linux-gnu/Scrt1.o] ==> obj [/usr/lib/gcc/x86_64-linux-gnu/11/../../../x86_64-linux-gnu/Scrt1.o]
    arg [/usr/lib/gcc/x86_64-linux-gnu/11/../../../x86_64-linux-gnu/crti.o] ==> obj [/usr/lib/gcc/x86_64-linux-gnu/11/../../../x86_64-linux-gnu/crti.o]
    arg [/usr/lib/gcc/x86_64-linux-gnu/11/crtbeginS.o] ==> obj [/usr/lib/gcc/x86_64-linux-gnu/11/crtbeginS.o]
    arg [-export-dynamic] ==> ignore
    arg [--eh-frame-hdr] ==> ignore
    arg [--build-id] ==> ignore
    arg [-dynamic-linker] ==> ignore
    arg [/lib64/ld-linux-x86-64.so.2] ==> ignore
    arg [-m] ==> ignore
    arg [elf_x86_64] ==> ignore
    arg [-o] ==> ignore
    arg [cmTC_4cd8c] ==> ignore
    arg [-L/apps/SPACK/0.18.1/opt/linux-ubuntu20.04-broadwell/gcc-9.4.0/intel-oneapi-compilers-2023.2.1-w5xspo5smexqooptupdcekxiosxeltyh/compiler/2023.2.1/linux/compiler/lib/intel64_lin] ==> dir [/apps/SPACK/0.18.1/opt/linux-ubuntu20.04-broadwell/gcc-9.4.0/intel-oneapi-compilers-2023.2.1-w5xspo5smexqooptupdcekxiosxeltyh/compiler/2023.2.1/linux/compiler/lib/intel64_lin]
    arg [-L/apps/SPACK/0.18.1/opt/linux-ubuntu20.04-broadwell/gcc-9.4.0/intel-oneapi-compilers-2023.2.1-w5xspo5smexqooptupdcekxiosxeltyh/compiler/2023.2.1/linux/lib] ==> dir [/apps/SPACK/0.18.1/opt/linux-ubuntu20.04-broadwell/gcc-9.4.0/intel-oneapi-compilers-2023.2.1-w5xspo5smexqooptupdcekxiosxeltyh/compiler/2023.2.1/linux/lib]
    arg [-L/apps/SPACK/0.18.1/opt/linux-ubuntu20.04-broadwell/gcc-9.4.0/intel-oneapi-compilers-2023.2.1-w5xspo5smexqooptupdcekxiosxeltyh/compiler/2023.2.1/linux/bin/intel64/../../compiler/lib/intel64_lin] ==> dir [/apps/SPACK/0.18.1/opt/linux-ubuntu20.04-broadwell/gcc-9.4.0/intel-oneapi-compilers-2023.2.1-w5xspo5smexqooptupdcekxiosxeltyh/compiler/2023.2.1/linux/bin/intel64/../../compiler/lib/intel64_lin]
    arg [-L/apps/SPACK/0.18.1/opt/linux-ubuntu20.04-broadwell/gcc-9.4.0/intel-oneapi-compilers-2023.2.1-w5xspo5smexqooptupdcekxiosxeltyh/compiler/2023.2.1/linux/lib/../lib/] ==> dir [/apps/SPACK/0.18.1/opt/linux-ubuntu20.04-broadwell/gcc-9.4.0/intel-oneapi-compilers-2023.2.1-w5xspo5smexqooptupdcekxiosxeltyh/compiler/2023.2.1/linux/lib/../lib/]
    arg [-L/usr/lib/gcc/x86_64-linux-gnu/11/] ==> dir [/usr/lib/gcc/x86_64-linux-gnu/11/]
    arg [-L/usr/lib/gcc/x86_64-linux-gnu/11/../../../x86_64-linux-gnu/] ==> dir [/usr/lib/gcc/x86_64-linux-gnu/11/../../../x86_64-linux-gnu/]
    arg [-L/usr/lib/gcc/x86_64-linux-gnu/11/../../../../lib64] ==> dir [/usr/lib/gcc/x86_64-linux-gnu/11/../../../../lib64]
    arg [-L/usr/lib/gcc/x86_64-linux-gnu/11/../../../../lib/] ==> dir [/usr/lib/gcc/x86_64-linux-gnu/11/../../../../lib/]
    arg [-L/lib/x86_64-linux-gnu/] ==> dir [/lib/x86_64-linux-gnu/]
    arg [-L/lib/../lib64] ==> dir [/lib/../lib64]
    arg [-L/lib/../lib/] ==> dir [/lib/../lib/]
    arg [-L/usr/lib/x86_64-linux-gnu/] ==> dir [/usr/lib/x86_64-linux-gnu/]
    arg [-L/usr/lib/../lib64] ==> dir [/usr/lib/../lib64]
    arg [-L/usr/lib/../lib/] ==> dir [/usr/lib/../lib/]
    arg [-L/apps/SPACK/0.18.1/opt/linux-ubuntu20.04-broadwell/gcc-9.4.0/intel-oneapi-compilers-2023.2.1-w5xspo5smexqooptupdcekxiosxeltyh/compiler/2023.2.1/linux/compiler/lib/intel64_lin/] ==> dir [/apps/SPACK/0.18.1/opt/linux-ubuntu20.04-broadwell/gcc-9.4.0/intel-oneapi-compilers-2023.2.1-w5xspo5smexqooptupdcekxiosxeltyh/compiler/2023.2.1/linux/compiler/lib/intel64_lin/]
    arg [-L/apps/SPACK/0.18.1/opt/linux-ubuntu20.04-broadwell/gcc-9.4.0/intel-oneapi-compilers-2023.2.1-w5xspo5smexqooptupdcekxiosxeltyh/compiler/2023.2.1/linux/lib/] ==> dir [/apps/SPACK/0.18.1/opt/linux-ubuntu20.04-broadwell/gcc-9.4.0/intel-oneapi-compilers-2023.2.1-w5xspo5smexqooptupdcekxiosxeltyh/compiler/2023.2.1/linux/lib/]
    arg [-L/usr/lib/gcc/x86_64-linux-gnu/11/../../../] ==> dir [/usr/lib/gcc/x86_64-linux-gnu/11/../../../]
    arg [-L/lib64] ==> dir [/lib64]
    arg [-L/lib/] ==> dir [/lib/]
    arg [-L/usr/lib64] ==> dir [/usr/lib64]
    arg [-L/usr/lib] ==> dir [/usr/lib]
    arg [CMakeFiles/cmTC_4cd8c.dir/CMakeCXXCompilerABI.cpp.o] ==> ignore
    arg [-Bdynamic] ==> search dynamic
    arg [-Bstatic] ==> search static
    arg [-limf] ==> lib [imf]
    arg [-lsvml] ==> lib [svml]
    arg [-lirng] ==> lib [irng]
    arg [-Bdynamic] ==> search dynamic
    arg [-lstdc++] ==> lib [stdc++]
    arg [-lm] ==> lib [m]
    arg [-Bstatic] ==> search static
    arg [-lipgo] ==> lib [ipgo]
    arg [-ldecimal] ==> lib [decimal]
    arg [--as-needed] ==> ignore
    arg [-Bdynamic] ==> search dynamic
    arg [-lcilkrts] ==> lib [cilkrts]
    arg [--no-as-needed] ==> ignore
    arg [-lstdc++] ==> lib [stdc++]
    arg [-lgcc] ==> lib [gcc]
    arg [--as-needed] ==> ignore
    arg [-lgcc_s] ==> lib [gcc_s]
    arg [--no-as-needed] ==> ignore
    arg [-Bstatic] ==> search static
    arg [-lirc] ==> lib [irc]
    arg [-lsvml] ==> lib [svml]
    arg [-Bdynamic] ==> search dynamic
    arg [-lc] ==> lib [c]
    arg [-lgcc] ==> lib [gcc]
    arg [--as-needed] ==> ignore
    arg [-lgcc_s] ==> lib [gcc_s]
    arg [--no-as-needed] ==> ignore
    arg [-Bstatic] ==> search static
    arg [-lirc_s] ==> lib [irc_s]
    arg [-Bdynamic] ==> search dynamic
    arg [-ldl] ==> lib [dl]
    arg [-lc] ==> lib [c]
    arg [/usr/lib/gcc/x86_64-linux-gnu/11/crtendS.o] ==> obj [/usr/lib/gcc/x86_64-linux-gnu/11/crtendS.o]
    arg [/usr/lib/gcc/x86_64-linux-gnu/11/../../../x86_64-linux-gnu/crtn.o] ==> obj [/usr/lib/gcc/x86_64-linux-gnu/11/../../../x86_64-linux-gnu/crtn.o]
  collapse obj [/usr/lib/gcc/x86_64-linux-gnu/11/../../../x86_64-linux-gnu/Scrt1.o] ==> [/usr/lib/x86_64-linux-gnu/Scrt1.o]
  collapse obj [/usr/lib/gcc/x86_64-linux-gnu/11/../../../x86_64-linux-gnu/crti.o] ==> [/usr/lib/x86_64-linux-gnu/crti.o]
  collapse obj [/usr/lib/gcc/x86_64-linux-gnu/11/../../../x86_64-linux-gnu/crtn.o] ==> [/usr/lib/x86_64-linux-gnu/crtn.o]
  collapse library dir [/apps/SPACK/0.18.1/opt/linux-ubuntu20.04-broadwell/gcc-9.4.0/intel-oneapi-compilers-2023.2.1-w5xspo5smexqooptupdcekxiosxeltyh/compiler/2023.2.1/linux/compiler/lib/intel64_lin] ==> [/apps/SPACK/0.18.1/opt/linux-ubuntu20.04-broadwell/gcc-9.4.0/intel-oneapi-compilers-2023.2.1-w5xspo5smexqooptupdcekxiosxeltyh/compiler/2023.2.1/linux/compiler/lib/intel64_lin]
  collapse library dir [/apps/SPACK/0.18.1/opt/linux-ubuntu20.04-broadwell/gcc-9.4.0/intel-oneapi-compilers-2023.2.1-w5xspo5smexqooptupdcekxiosxeltyh/compiler/2023.2.1/linux/lib] ==> [/apps/SPACK/0.18.1/opt/linux-ubuntu20.04-broadwell/gcc-9.4.0/intel-oneapi-compilers-2023.2.1-w5xspo5smexqooptupdcekxiosxeltyh/compiler/2023.2.1/linux/lib]
  collapse library dir [/apps/SPACK/0.18.1/opt/linux-ubuntu20.04-broadwell/gcc-9.4.0/intel-oneapi-compilers-2023.2.1-w5xspo5smexqooptupdcekxiosxeltyh/compiler/2023.2.1/linux/bin/intel64/../../compiler/lib/intel64_lin] ==> [/apps/SPACK/0.18.1/opt/linux-ubuntu20.04-broadwell/gcc-9.4.0/intel-oneapi-compilers-2023.2.1-w5xspo5smexqooptupdcekxiosxeltyh/compiler/2023.2.1/linux/compiler/lib/intel64_lin]
  collapse library dir [/apps/SPACK/0.18.1/opt/linux-ubuntu20.04-broadwell/gcc-9.4.0/intel-oneapi-compilers-2023.2.1-w5xspo5smexqooptupdcekxiosxeltyh/compiler/2023.2.1/linux/lib/../lib/] ==> [/apps/SPACK/0.18.1/opt/linux-ubuntu20.04-broadwell/gcc-9.4.0/intel-oneapi-compilers-2023.2.1-w5xspo5smexqooptupdcekxiosxeltyh/compiler/2023.2.1/linux/lib]
  collapse library dir [/usr/lib/gcc/x86_64-linux-gnu/11/] ==> [/usr/lib/gcc/x86_64-linux-gnu/11]
  collapse library dir [/usr/lib/gcc/x86_64-linux-gnu/11/../../../x86_64-linux-gnu/] ==> [/usr/lib/x86_64-linux-gnu]
  collapse library dir [/usr/lib/gcc/x86_64-linux-gnu/11/../../../../lib64] ==> [/usr/lib64]
  collapse library dir [/usr/lib/gcc/x86_64-linux-gnu/11/../../../../lib/] ==> [/usr/lib]
  collapse library dir [/lib/x86_64-linux-gnu/] ==> [/lib/x86_64-linux-gnu]
  collapse library dir [/lib/../lib64] ==> [/lib64]
  collapse library dir [/lib/../lib/] ==> [/lib]
  collapse library dir [/usr/lib/x86_64-linux-gnu/] ==> [/usr/lib/x86_64-linux-gnu]
  collapse library dir [/usr/lib/../lib64] ==> [/usr/lib64]
  collapse library dir [/usr/lib/../lib/] ==> [/usr/lib]
  collapse library dir [/apps/SPACK/0.18.1/opt/linux-ubuntu20.04-broadwell/gcc-9.4.0/intel-oneapi-compilers-2023.2.1-w5xspo5smexqooptupdcekxiosxeltyh/compiler/2023.2.1/linux/compiler/lib/intel64_lin/] ==> [/apps/SPACK/0.18.1/opt/linux-ubuntu20.04-broadwell/gcc-9.4.0/intel-oneapi-compilers-2023.2.1-w5xspo5smexqooptupdcekxiosxeltyh/compiler/2023.2.1/linux/compiler/lib/intel64_lin]
  collapse library dir [/apps/SPACK/0.18.1/opt/linux-ubuntu20.04-broadwell/gcc-9.4.0/intel-oneapi-compilers-2023.2.1-w5xspo5smexqooptupdcekxiosxeltyh/compiler/2023.2.1/linux/lib/] ==> [/apps/SPACK/0.18.1/opt/linux-ubuntu20.04-broadwell/gcc-9.4.0/intel-oneapi-compilers-2023.2.1-w5xspo5smexqooptupdcekxiosxeltyh/compiler/2023.2.1/linux/lib]
  collapse library dir [/usr/lib/gcc/x86_64-linux-gnu/11/../../../] ==> [/usr/lib]
  collapse library dir [/lib64] ==> [/lib64]
  collapse library dir [/lib/] ==> [/lib]
  collapse library dir [/usr/lib64] ==> [/usr/lib64]
  collapse library dir [/usr/lib] ==> [/usr/lib]
  implicit libs: [imf;svml;irng;stdc++;m;ipgo;decimal;cilkrts;stdc++;gcc;gcc_s;irc;svml;c;gcc;gcc_s;irc_s;dl;c]
  implicit objs: [/usr/lib/x86_64-linux-gnu/Scrt1.o;/usr/lib/x86_64-linux-gnu/crti.o;/usr/lib/gcc/x86_64-linux-gnu/11/crtbeginS.o;/usr/lib/gcc/x86_64-linux-gnu/11/crtendS.o;/usr/lib/x86_64-linux-gnu/crtn.o]
  implicit dirs: [/apps/SPACK/0.18.1/opt/linux-ubuntu20.04-broadwell/gcc-9.4.0/intel-oneapi-compilers-2023.2.1-w5xspo5smexqooptupdcekxiosxeltyh/compiler/2023.2.1/linux/compiler/lib/intel64_lin;/apps/SPACK/0.18.1/opt/linux-ubuntu20.04-broadwell/gcc-9.4.0/intel-oneapi-compilers-2023.2.1-w5xspo5smexqooptupdcekxiosxeltyh/compiler/2023.2.1/linux/lib;/usr/lib/gcc/x86_64-linux-gnu/11;/usr/lib/x86_64-linux-gnu;/usr/lib64;/usr/lib;/lib/x86_64-linux-gnu;/lib64;/lib]
  implicit fwks: []


Detecting CXX OpenMP compiler ABI info compiled with the following output:
Change Dir: /home/hpc/ihpc/ihpc040h/LULESH_AD/LULESH/build_OMP_ICX36/CMakeFiles/CMakeTmp

Run Build Command(s):/usr/bin/gmake -f Makefile cmTC_e2300/fast && /usr/bin/gmake  -f CMakeFiles/cmTC_e2300.dir/build.make CMakeFiles/cmTC_e2300.dir/build
gmake[1]: Entering directory '/home/hpc/ihpc/ihpc040h/LULESH_AD/LULESH/build_OMP_ICX36/CMakeFiles/CMakeTmp'
Building CXX object CMakeFiles/cmTC_e2300.dir/OpenMPTryFlag.cpp.o
/apps/SPACK/0.18.1/opt/linux-ubuntu20.04-broadwell/gcc-9.4.0/intel-oneapi-compilers-2023.2.1-w5xspo5smexqooptupdcekxiosxeltyh/compiler/2023.2.1/linux/bin/intel64/icpc   -I/apps/likwid/5.3.0/include -L/apps/likwid/5.3.0/lib -DLIKWID_PERFMON -O3 -xCORE-AVX512 -qopt-zmm-usage=high -qopenmp -v -MD -MT CMakeFiles/cmTC_e2300.dir/OpenMPTryFlag.cpp.o -MF CMakeFiles/cmTC_e2300.dir/OpenMPTryFlag.cpp.o.d -o CMakeFiles/cmTC_e2300.dir/OpenMPTryFlag.cpp.o -c /home/hpc/ihpc/ihpc040h/LULESH_AD/LULESH/build_OMP_ICX36/CMakeFiles/FindOpenMP/OpenMPTryFlag.cpp
icpc: remark #10441: The Intel(R) C++ Compiler Classic (ICC) is deprecated and will be removed from product release in the second half of 2023. The Intel(R) oneAPI DPC++/C++ Compiler (ICX) is the recommended compiler moving forward. Please transition to use this compiler. Use '-diag-disable=10441' to disable this message.
icpc version 2021.10.0 (gcc version 11.4.0 compatibility)
/apps/SPACK/0.18.1/opt/linux-ubuntu20.04-broadwell/gcc-9.4.0/intel-oneapi-compilers-2023.2.1-w5xspo5smexqooptupdcekxiosxeltyh/compiler/2023.2.1/linux/bin/intel64/../../bin/intel64/mcpcom    --target_efi2 --lang=c++ -oCMakeFiles/cmTC_e2300.dir/OpenMPTryFlag.cpp.o -_g -mP3OPT_inline_alloca -D__ICC=2021 -D__INTEL_COMPILER=2021 -D__INTEL_COMPILER_UPDATE=10 -D__PTRDIFF_TYPE__=long "-D__SIZE_TYPE__=unsigned long" -D__WCHAR_TYPE__=int "-D__WINT_TYPE__=unsigned int" "-D__INTMAX_TYPE__=long int" "-D__UINTMAX_TYPE__=long unsigned int" -D__GLIBCXX_TYPE_INT_N_0=__int128 -D__GLIBCXX_BITSIZE_INT_N_0=128 -D__LONG_MAX__=9223372036854775807L -D__QMSPP_ -D__OPTIMIZE__ -D__NO_MATH_INLINES -D__NO_STRING_INLINES -D__GNUC_GNU_INLINE__ -D__GNUG__=11 -D__GNUC__=11 -D__GNUC_MINOR__=4 -D__GNUC_PATCHLEVEL__=0 -D__LP64__ -D_LP64 -D_GNU_SOURCE=1 -D__DEPRECATED=1 -D__GXX_WEAK__=1 -D__GXX_ABI_VERSION=1010 "-D__USER_LABEL_PREFIX__= " -D__REGISTER_PREFIX__= -D__INTEL_RTTI__ -D__EXCEPTIONS=1 -D__unix__ -D__unix -D__linux__ -D__linux -D__gnu_linux__ -B -Dunix -Dlinux "-_Asystem(unix)" -D__ELF__ -D__x86_64 -D__x86_64__ -D__amd64 -D__amd64__ "-_Acpu(x86_64)" "-_Amachine(x86_64)" -D__INTEL_COMPILER_BUILD_DATE=20230609 -D_OPENMP=201611 -D__INTEL_OFFLOAD -D__MMX__ -D__SSE__ -D__SSE_MATH__ -D__SSE2__ -D__SSE2_MATH__ -D__SSE3__ -D__SSSE3__ -D__SSE4_1__ -D__SSE4_2__ -D__POPCNT__ -D__PCLMUL__ -D__AES__ -D__AVX__ -D__F16C__ -D__AVX_I__ -D__RDRND__ -D__FMA__ -D__FP_FAST_FMA -D__FP_FAST_FMAF -D__BMI__ -D__LZCNT__ -D__AVX2__ -D__AVX512F__ -D__AVX512DQ__ -D__ADX__ -D__RDSEED__ -D__AVX512CD__ -D__AVX512BW__ -D__AVX512VL__ -D__CLWB__ -D__skylake_avx512 -D__skylake_avx512__ -D__tune_skylake_avx512__ -_k -_8 -_l --has_new_stdarg_support -_a -_b --gnu_version=110400 -_W5 -p --bool -tused -x --openmp --openmp_tasks --openmp_simd --noopenmp_offload --dependency_file_name CMakeFiles/cmTC_e2300.dir/OpenMPTryFlag.cpp.o.d --compile_dependencies --dependency_target_name CMakeFiles/cmTC_e2300.dir/OpenMPTryFlag.cpp.o --multibyte_chars -mGLOB_diag_suppress_sys -DLIKWID_PERFMON --system_preinclude /usr/include/stdc-predef.h -I/apps/likwid/5.3.0/include -I/apps/SPACK/0.18.1/opt/linux-ubuntu20.04-broadwell/gcc-9.4.0/intel-oneapi-compilers-2023.2.1-w5xspo5smexqooptupdcekxiosxeltyh/compiler/2023.2.1/linux/lib/oclfpga/include --array_section --simd --simd_func --offload_mode=1 --offload_target_names=mic,MIC --offload_unique_string=icpc0571518311VXnTPa --bool -mGLOB_em64t=TRUE -mP1OPT_version=2021.10.0-intel64 -mGLOB_diag_file=CMakeFiles/cmTC_e2300.dir/OpenMPTryFlag.cpp.diag -mGLOB_long_size_64 -mGLOB_routine_pointer_size_64 -mP1OPT_print_version=FALSE -mCG_use_gas_got_workaround=F -mP2OPT_align_option_used=TRUE -mGLOB_gcc_version=1140 "-mGLOB_options_string=-I/apps/likwid/5.3.0/include -L/apps/likwid/5.3.0/lib -DLIKWID_PERFMON -O3 -xCORE-AVX512 -qopt-zmm-usage=high -qopenmp -v -MD -MT CMakeFiles/cmTC_e2300.dir/OpenMPTryFlag.cpp.o -MF CMakeFiles/cmTC_e2300.dir/OpenMPTryFlag.cpp.o.d -o CMakeFiles/cmTC_e2300.dir/OpenMPTryFlag.cpp.o -c" -mGLOB_cxx_limited_range=FALSE -mCG_extend_parms=FALSE -mGLOB_compiler_bin_directory=/apps/SPACK/0.18.1/opt/linux-ubuntu20.04-broadwell/gcc-9.4.0/intel-oneapi-compilers-2023.2.1-w5xspo5smexqooptupdcekxiosxeltyh/compiler/2023.2.1/linux/bin/intel64/../../bin/intel64 -mGLOB_as_output_backup_file_name=/tmp/icpcyPCUQias_.s -mIPOPT_activate -mIPOPT_lite -mGLOB_uarch_tuning=0x0 -mGLOB_product_id_code=0x22006d90 -mCG_bnl_movbe=T -mGLOB_advanced_optim=TRUE -mGLOB_cpu_x=CORE-AVX512 -mP3OPT_use_mspp_call_convention -mP2OPT_subs_out_of_bound=FALSE -mP2OPT_disam_type_based_disam=2 -mP2OPT_disam_assume_ansi_c -mP2OPT_checked_disam_ansi_alias=TRUE -mGLOB_ansi_alias -mPGOPTI_value_profile_use=T -mPAROPT_openmp=TRUE -mP2OPT_hpo_omp_simd_only=FALSE -mP2OPT_il0_array_sections=TRUE -mGLOB_offload_mode=1 -mGLOB_offload_no_openmp=TRUE -mP2OPT_offload_unique_var_string=icpc0571518311VXnTPa -mGLOB_opt_level=3 -mP2OPT_hlo_level=3 -mP2OPT_hlo -mP2OPT_hpo_rtt_control=0 -mIPOPT_args_in_regs=0 -mP2OPT_disam_assume_nonstd_intent_in=FALSE -mGLOB_imf_mapping_library=/apps/SPACK/0.18.1/opt/linux-ubuntu20.04-broadwell/gcc-9.4.0/intel-oneapi-compilers-2023.2.1-w5xspo5smexqooptupdcekxiosxeltyh/compiler/2023.2.1/linux/bin/intel64/../../bin/intel64/libiml_attr.so -mGLOB_zmm_usage=4 -mPGOPTI_gen_threadsafe_level=0 -mIPOPT_lto_object_enabled -mIPOPT_lto_object_value=1 -mIPOPT_obj_output_file_name=CMakeFiles/cmTC_e2300.dir/OpenMPTryFlag.cpp.o -mIPOPT_whole_archive_fixup_file_name=/tmp/icpcwarcho5PHpl -mGLOB_linker_version=2.38 -mGLOB_linker=ld -mGLOB_driver_tempfile_name=/tmp/icpctempfileipF9mY -mP3OPT_asm_target=P3OPT_ASM_TARGET_GAS -mGLOB_async_unwind_tables=TRUE -mGLOB_obj_output_file=CMakeFiles/cmTC_e2300.dir/OpenMPTryFlag.cpp.o -mGLOB_source_dialect=GLOB_SOURCE_DIALECT_C_PLUS_PLUS -mP1OPT_source_file_name=/home/hpc/ihpc/ihpc040h/LULESH_AD/LULESH/build_OMP_ICX36/CMakeFiles/FindOpenMP/OpenMPTryFlag.cpp -mP1OPT_full_source_file_name=/home/hpc/ihpc/ihpc040h/LULESH_AD/LULESH/build_OMP_ICX36/CMakeFiles/FindOpenMP/OpenMPTryFlag.cpp -mGLOB_eh_linux /home/hpc/ihpc/ihpc040h/LULESH_AD/LULESH/build_OMP_ICX36/CMakeFiles/FindOpenMP/OpenMPTryFlag.cpp
#include "..." search starts here:
#include <...> search starts here:
 /apps/likwid/5.3.0/include
 /apps/SPACK/0.18.1/opt/linux-ubuntu20.04-broadwell/gcc-9.4.0/intel-oneapi-compilers-2023.2.1-w5xspo5smexqooptupdcekxiosxeltyh/compiler/2023.2.1/linux/lib/oclfpga/include
 /apps/SPACK/0.18.1/opt/linux-ubuntu20.04-broadwell/gcc-9.4.0/intel-oneapi-compilers-2023.2.1-w5xspo5smexqooptupdcekxiosxeltyh/compiler/2023.2.1/linux/bin/intel64/../../compiler/include/intel64
 /apps/SPACK/0.18.1/opt/linux-ubuntu20.04-broadwell/gcc-9.4.0/intel-oneapi-compilers-2023.2.1-w5xspo5smexqooptupdcekxiosxeltyh/compiler/2023.2.1/linux/bin/intel64/../../compiler/include/icc
 /apps/SPACK/0.18.1/opt/linux-ubuntu20.04-broadwell/gcc-9.4.0/intel-oneapi-compilers-2023.2.1-w5xspo5smexqooptupdcekxiosxeltyh/compiler/2023.2.1/linux/bin/intel64/../../compiler/include
 /usr/include/c++/11
 /usr/include/c++/11/backward
 /usr/local/include
 /usr/lib/gcc/x86_64-linux-gnu/11/include
 /usr/include/
 /usr/include
 /usr/include/x86_64-linux-gnu
 /usr/include/x86_64-linux-gnu/c++/11
End of search list.
Linking CXX executable cmTC_e2300
/apps/SPACK/0.18.1/opt/linux-ubuntu20.04-x86_64/gcc-9.4.0/cmake-3.23.1-y3d2cjiwv2qcy65ljekhm5h6ljw5kj2n/bin/cmake -E cmake_link_script CMakeFiles/cmTC_e2300.dir/link.txt --verbose=1
/apps/SPACK/0.18.1/opt/linux-ubuntu20.04-broadwell/gcc-9.4.0/intel-oneapi-compilers-2023.2.1-w5xspo5smexqooptupdcekxiosxeltyh/compiler/2023.2.1/linux/bin/intel64/icpc  -I/apps/likwid/5.3.0/include -L/apps/likwid/5.3.0/lib -DLIKWID_PERFMON -O3 -xCORE-AVX512 -qopt-zmm-usage=high -qopenmp -v -rdynamic CMakeFiles/cmTC_e2300.dir/OpenMPTryFlag.cpp.o -o cmTC_e2300  -v 
icpc: remark #10441: The Intel(R) C++ Compiler Classic (ICC) is deprecated and will be removed from product release in the second half of 2023. The Intel(R) oneAPI DPC++/C++ Compiler (ICX) is the recommended compiler moving forward. Please transition to use this compiler. Use '-diag-disable=10441' to disable this message.
icpc version 2021.10.0 (gcc version 11.4.0 compatibility)
/apps/SPACK/0.18.1/opt/linux-ubuntu20.04-broadwell/gcc-9.4.0/intel-oneapi-compilers-2023.2.1-w5xspo5smexqooptupdcekxiosxeltyh/compiler/2023.2.1/linux/bin/intel64/../../bin/intel64/mcpcom    -mGLOB_em64t=TRUE -mP1OPT_version=2021.10.0-intel64 -mGLOB_diag_file=CMakeFiles/cmTC_e2300.dir/OpenMPTryFlag.cpp.diag -mGLOB_long_size_64 -mGLOB_routine_pointer_size_64 -mP1OPT_print_version=FALSE -mCG_use_gas_got_workaround=F -mP2OPT_align_option_used=TRUE -mGLOB_gcc_version=1140 "-mGLOB_options_string=-I/apps/likwid/5.3.0/include -L/apps/likwid/5.3.0/lib -DLIKWID_PERFMON -O3 -xCORE-AVX512 -qopt-zmm-usage=high -qopenmp -v -rdynamic -o cmTC_e2300 -v" -mGLOB_cxx_limited_range=FALSE -mCG_extend_parms=FALSE -mGLOB_compiler_bin_directory=/apps/SPACK/0.18.1/opt/linux-ubuntu20.04-broadwell/gcc-9.4.0/intel-oneapi-compilers-2023.2.1-w5xspo5smexqooptupdcekxiosxeltyh/compiler/2023.2.1/linux/bin/intel64/../../bin/intel64 -mGLOB_as_output_backup_file_name=/tmp/icpcpSfeVIas_.s -mGLOB_dashboard_use_source_name -mIPOPT_activate -mGLOB_product_id_code=0x22006d90 -mGLOB_advanced_optim=TRUE -mGLOB_cpu_x=CORE-AVX512 -mP3OPT_use_mspp_call_convention -mP2OPT_subs_out_of_bound=FALSE -mP2OPT_disam_type_based_disam=2 -mP2OPT_disam_assume_ansi_c -mP2OPT_checked_disam_ansi_alias=TRUE -mGLOB_ansi_alias -mPGOPTI_value_profile_use=T -mGLOB_opt_report_use_source_name -mPAROPT_openmp=TRUE -mP2OPT_hpo_omp_simd_only=FALSE -mP2OPT_il0_array_sections=TRUE -mGLOB_offload_mode=1 -mGLOB_offload_no_openmp=TRUE -mP2OPT_offload_unique_var_string=icpc0957902943qIaAkZ -mGLOB_opt_level=3 -mP2OPT_hlo_level=3 -mP2OPT_hlo -mP2OPT_hpo_rtt_control=0 -mIPOPT_args_in_regs=0 -mP2OPT_disam_assume_nonstd_intent_in=FALSE -mGLOB_imf_mapping_library=/apps/SPACK/0.18.1/opt/linux-ubuntu20.04-broadwell/gcc-9.4.0/intel-oneapi-compilers-2023.2.1-w5xspo5smexqooptupdcekxiosxeltyh/compiler/2023.2.1/linux/bin/intel64/../../bin/intel64/libiml_attr.so -mGLOB_zmm_usage=4 -mPGOPTI_gen_threadsafe_level=0 -mIPOPT_link -mIPOPT_ipo_activate -mIPOPT_mo_activate -mIPOPT_source_files_list=/tmp/icpcslishoIc2A -mIPOPT_mo_global_data -mIPOPT_link_script_file=/tmp/icpcscriptBt9kh5 "-mIPOPT_cmdline_link="/usr/lib/gcc/x86_64-linux-gnu/11/../../../x86_64-linux-gnu/Scrt1.o" "/usr/lib/gcc/x86_64-linux-gnu/11/../../../x86_64-linux-gnu/crti.o" "/usr/lib/gcc/x86_64-linux-gnu/11/crtbeginS.o" "-export-dynamic" "--eh-frame-hdr" "--build-id" "-dynamic-linker" "/lib64/ld-linux-x86-64.so.2" "-m" "elf_x86_64" "-L/apps/likwid/5.3.0/lib" "-o" "cmTC_e2300" "-L/apps/SPACK/0.18.1/opt/linux-ubuntu20.04-broadwell/gcc-9.4.0/intel-oneapi-compilers-2023.2.1-w5xspo5smexqooptupdcekxiosxeltyh/compiler/2023.2.1/linux/compiler/lib/intel64_lin" "-L/apps/SPACK/0.18.1/opt/linux-ubuntu20.04-broadwell/gcc-9.4.0/intel-oneapi-compilers-2023.2.1-w5xspo5smexqooptupdcekxiosxeltyh/compiler/2023.2.1/linux/lib" "-L/apps/SPACK/0.18.1/opt/linux-ubuntu20.04-broadwell/gcc-9.4.0/intel-oneapi-compilers-2023.2.1-w5xspo5smexqooptupdcekxiosxeltyh/compiler/2023.2.1/linux/bin/intel64/../../compiler/lib/intel64_lin" "-L/apps/SPACK/0.18.1/opt/linux-ubuntu20.04-broadwell/gcc-9.4.0/intel-oneapi-compilers-2023.2.1-w5xspo5smexqooptupdcekxiosxeltyh/compiler/2023.2.1/linux/lib/../lib/" "-L/usr/lib/gcc/x86_64-linux-gnu/11/" "-L/usr/lib/gcc/x86_64-linux-gnu/11/../../../x86_64-linux-gnu/" "-L/usr/lib/gcc/x86_64-linux-gnu/11/../../../../lib64" "-L/usr/lib/gcc/x86_64-linux-gnu/11/../../../../lib/" "-L/lib/x86_64-linux-gnu/" "-L/lib/../lib64" "-L/lib/../lib/" "-L/usr/lib/x86_64-linux-gnu/" "-L/usr/lib/../lib64" "-L/usr/lib/../lib/" "-L/apps/SPACK/0.18.1/opt/linux-ubuntu20.04-broadwell/gcc-9.4.0/intel-oneapi-compilers-2023.2.1-w5xspo5smexqooptupdcekxiosxeltyh/compiler/2023.2.1/linux/compiler/lib/intel64_lin/" "-L/apps/SPACK/0.18.1/opt/linux-ubuntu20.04-broadwell/gcc-9.4.0/intel-oneapi-compilers-2023.2.1-w5xspo5smexqooptupdcekxiosxeltyh/compiler/2023.2.1/linux/lib/" "-L/usr/lib/gcc/x86_64-linux-gnu/11/../../../" "-L/lib64" "-L/lib/" "-L/usr/lib64" "-L/usr/lib" "CMakeFiles/cmTC_e2300.dir/OpenMPTryFlag.cpp.o" "-Bdynamic" "-Bstatic" "-limf" "-lsvml" "-lirng" "-Bdynamic" "-lstdc++" "-lm" "-Bstatic" "-lipgo" "-ldecimal" "-Bdynamic" "-liomp5" "--as-needed" "-lcilkrts" "--no-as-needed" "-lstdc++" "-lgcc" "--as-needed" "-lgcc_s" "--no-as-needed" "-Bstatic" "-lirc" "-Bdynamic" "-lpthread" "-Bstatic" "-lsvml" "-Bdynamic" "-lc" "-lgcc" "--as-needed" "-lgcc_s" "--no-as-needed" "-Bstatic" "-lirc_s" "-Bdynamic" "-ldl" "-lc" "/usr/lib/gcc/x86_64-linux-gnu/11/crtendS.o" "/usr/lib/gcc/x86_64-linux-gnu/11/../../../x86_64-linux-gnu/crtn.o"" -mIPOPT_il_in_obj -mIPOPT_ipo_activate_warn=FALSE -mIPOPT_obj_output_file_name=/tmp/ipo_icpc99E877.o -mIPOPT_whole_archive_fixup_file_name=/tmp/icpcwarchjYEos3 -mGLOB_linker_version=2.38 -mGLOB_linker=ld -mGLOB_driver_tempfile_name=/tmp/icpctempfileoBvzXU -mP3OPT_asm_target=P3OPT_ASM_TARGET_GAS -mGLOB_async_unwind_tables=TRUE -mGLOB_obj_output_file=/tmp/ipo_icpc99E877.o -mGLOB_source_dialect=GLOB_SOURCE_DIALECT_NONE -mP1OPT_source_file_name=ipo_out.c CMakeFiles/cmTC_e2300.dir/OpenMPTryFlag.cpp.o -mIPOPT_object_files=T -mIPOPT_assembly_files=/tmp/icpcalisablbqh -mIPOPT_generated_tempfiles=/tmp/icpcelisOIJn0X -mIPOPT_embedded_object_base_name=/tmp/icpceobj8ooNL6 -mIPOPT_cmdline_link_new_name=/tmp/icpcllisoF90EH
ld    /usr/lib/gcc/x86_64-linux-gnu/11/../../../x86_64-linux-gnu/Scrt1.o /usr/lib/gcc/x86_64-linux-gnu/11/../../../x86_64-linux-gnu/crti.o /usr/lib/gcc/x86_64-linux-gnu/11/crtbeginS.o -export-dynamic --eh-frame-hdr --build-id -dynamic-linker /lib64/ld-linux-x86-64.so.2 -m elf_x86_64 -L/apps/likwid/5.3.0/lib -o cmTC_e2300 -L/apps/SPACK/0.18.1/opt/linux-ubuntu20.04-broadwell/gcc-9.4.0/intel-oneapi-compilers-2023.2.1-w5xspo5smexqooptupdcekxiosxeltyh/compiler/2023.2.1/linux/compiler/lib/intel64_lin -L/apps/SPACK/0.18.1/opt/linux-ubuntu20.04-broadwell/gcc-9.4.0/intel-oneapi-compilers-2023.2.1-w5xspo5smexqooptupdcekxiosxeltyh/compiler/2023.2.1/linux/lib -L/apps/SPACK/0.18.1/opt/linux-ubuntu20.04-broadwell/gcc-9.4.0/intel-oneapi-compilers-2023.2.1-w5xspo5smexqooptupdcekxiosxeltyh/compiler/2023.2.1/linux/bin/intel64/../../compiler/lib/intel64_lin -L/apps/SPACK/0.18.1/opt/linux-ubuntu20.04-broadwell/gcc-9.4.0/intel-oneapi-compilers-2023.2.1-w5xspo5smexqooptupdcekxiosxeltyh/compiler/2023.2.1/linux/lib/../lib/ -L/usr/lib/gcc/x86_64-linux-gnu/11/ -L/usr/lib/gcc/x86_64-linux-gnu/11/../../../x86_64-linux-gnu/ -L/usr/lib/gcc/x86_64-linux-gnu/11/../../../../lib64 -L/usr/lib/gcc/x86_64-linux-gnu/11/../../../../lib/ -L/lib/x86_64-linux-gnu/ -L/lib/../lib64 -L/lib/../lib/ -L/usr/lib/x86_64-linux-gnu/ -L/usr/lib/../lib64 -L/usr/lib/../lib/ -L/apps/SPACK/0.18.1/opt/linux-ubuntu20.04-broadwell/gcc-9.4.0/intel-oneapi-compilers-2023.2.1-w5xspo5smexqooptupdcekxiosxeltyh/compiler/2023.2.1/linux/compiler/lib/intel64_lin/ -L/apps/SPACK/0.18.1/opt/linux-ubuntu20.04-broadwell/gcc-9.4.0/intel-oneapi-compilers-2023.2.1-w5xspo5smexqooptupdcekxiosxeltyh/compiler/2023.2.1/linux/lib/ -L/usr/lib/gcc/x86_64-linux-gnu/11/../../../ -L/lib64 -L/lib/ -L/usr/lib64 -L/usr/lib CMakeFiles/cmTC_e2300.dir/OpenMPTryFlag.cpp.o -Bdynamic -Bstatic -limf -lsvml -lirng -Bdynamic -lstdc++ -lm -Bstatic -lipgo -ldecimal -Bdynamic -liomp5 --as-needed -lcilkrts --no-as-needed -lstdc++ -lgcc --as-needed -lgcc_s --no-as-needed -Bstatic -lirc -Bdynamic -lpthread -Bstatic -lsvml -Bdynamic -lc -lgcc --as-needed -lgcc_s --no-as-needed -Bstatic -lirc_s -Bdynamic -ldl -lc /usr/lib/gcc/x86_64-linux-gnu/11/crtendS.o /usr/lib/gcc/x86_64-linux-gnu/11/../../../x86_64-linux-gnu/crtn.o
gmake[1]: Leaving directory '/home/hpc/ihpc/ihpc040h/LULESH_AD/LULESH/build_OMP_ICX36/CMakeFiles/CMakeTmp'



Parsed CXX OpenMP implicit link information from above output:
  link line regex: [^( *|.*[/\])(ld|CMAKE_LINK_STARTFILE-NOTFOUND|([^/\]+-)?ld|collect2)[^/\]*( |$)]
  ignore line: [Change Dir: /home/hpc/ihpc/ihpc040h/LULESH_AD/LULESH/build_OMP_ICX36/CMakeFiles/CMakeTmp]
  ignore line: []
  ignore line: [Run Build Command(s):/usr/bin/gmake -f Makefile cmTC_e2300/fast && /usr/bin/gmake  -f CMakeFiles/cmTC_e2300.dir/build.make CMakeFiles/cmTC_e2300.dir/build]
  ignore line: [gmake[1]: Entering directory '/home/hpc/ihpc/ihpc040h/LULESH_AD/LULESH/build_OMP_ICX36/CMakeFiles/CMakeTmp']
  ignore line: [Building CXX object CMakeFiles/cmTC_e2300.dir/OpenMPTryFlag.cpp.o]
  ignore line: [/apps/SPACK/0.18.1/opt/linux-ubuntu20.04-broadwell/gcc-9.4.0/intel-oneapi-compilers-2023.2.1-w5xspo5smexqooptupdcekxiosxeltyh/compiler/2023.2.1/linux/bin/intel64/icpc   -I/apps/likwid/5.3.0/include -L/apps/likwid/5.3.0/lib -DLIKWID_PERFMON -O3 -xCORE-AVX512 -qopt-zmm-usage=high -qopenmp -v -MD -MT CMakeFiles/cmTC_e2300.dir/OpenMPTryFlag.cpp.o -MF CMakeFiles/cmTC_e2300.dir/OpenMPTryFlag.cpp.o.d -o CMakeFiles/cmTC_e2300.dir/OpenMPTryFlag.cpp.o -c /home/hpc/ihpc/ihpc040h/LULESH_AD/LULESH/build_OMP_ICX36/CMakeFiles/FindOpenMP/OpenMPTryFlag.cpp]
  ignore line: [icpc: remark #10441: The Intel(R) C++ Compiler Classic (ICC) is deprecated and will be removed from product release in the second half of 2023. The Intel(R) oneAPI DPC++/C++ Compiler (ICX) is the recommended compiler moving forward. Please transition to use this compiler. Use '-diag-disable=10441' to disable this message.]
  ignore line: [icpc version 2021.10.0 (gcc version 11.4.0 compatibility)]
  ignore line: [/apps/SPACK/0.18.1/opt/linux-ubuntu20.04-broadwell/gcc-9.4.0/intel-oneapi-compilers-2023.2.1-w5xspo5smexqooptupdcekxiosxeltyh/compiler/2023.2.1/linux/bin/intel64/../../bin/intel64/mcpcom    --target_efi2 --lang=c++ -oCMakeFiles/cmTC_e2300.dir/OpenMPTryFlag.cpp.o -_g -mP3OPT_inline_alloca -D__ICC=2021 -D__INTEL_COMPILER=2021 -D__INTEL_COMPILER_UPDATE=10 -D__PTRDIFF_TYPE__=long "-D__SIZE_TYPE__=unsigned long" -D__WCHAR_TYPE__=int "-D__WINT_TYPE__=unsigned int" "-D__INTMAX_TYPE__=long int" "-D__UINTMAX_TYPE__=long unsigned int" -D__GLIBCXX_TYPE_INT_N_0=__int128 -D__GLIBCXX_BITSIZE_INT_N_0=128 -D__LONG_MAX__=9223372036854775807L -D__QMSPP_ -D__OPTIMIZE__ -D__NO_MATH_INLINES -D__NO_STRING_INLINES -D__GNUC_GNU_INLINE__ -D__GNUG__=11 -D__GNUC__=11 -D__GNUC_MINOR__=4 -D__GNUC_PATCHLEVEL__=0 -D__LP64__ -D_LP64 -D_GNU_SOURCE=1 -D__DEPRECATED=1 -D__GXX_WEAK__=1 -D__GXX_ABI_VERSION=1010 "-D__USER_LABEL_PREFIX__= " -D__REGISTER_PREFIX__= -D__INTEL_RTTI__ -D__EXCEPTIONS=1 -D__unix__ -D__unix -D__linux__ -D__linux -D__gnu_linux__ -B -Dunix -Dlinux "-_Asystem(unix)" -D__ELF__ -D__x86_64 -D__x86_64__ -D__amd64 -D__amd64__ "-_Acpu(x86_64)" "-_Amachine(x86_64)" -D__INTEL_COMPILER_BUILD_DATE=20230609 -D_OPENMP=201611 -D__INTEL_OFFLOAD -D__MMX__ -D__SSE__ -D__SSE_MATH__ -D__SSE2__ -D__SSE2_MATH__ -D__SSE3__ -D__SSSE3__ -D__SSE4_1__ -D__SSE4_2__ -D__POPCNT__ -D__PCLMUL__ -D__AES__ -D__AVX__ -D__F16C__ -D__AVX_I__ -D__RDRND__ -D__FMA__ -D__FP_FAST_FMA -D__FP_FAST_FMAF -D__BMI__ -D__LZCNT__ -D__AVX2__ -D__AVX512F__ -D__AVX512DQ__ -D__ADX__ -D__RDSEED__ -D__AVX512CD__ -D__AVX512BW__ -D__AVX512VL__ -D__CLWB__ -D__skylake_avx512 -D__skylake_avx512__ -D__tune_skylake_avx512__ -_k -_8 -_l --has_new_stdarg_support -_a -_b --gnu_version=110400 -_W5 -p --bool -tused -x --openmp --openmp_tasks --openmp_simd --noopenmp_offload --dependency_file_name CMakeFiles/cmTC_e2300.dir/OpenMPTryFlag.cpp.o.d --compile_dependencies --dependency_target_name CMakeFiles/cmTC_e2300.dir/OpenMPTryFlag.cpp.o --multibyte_chars -mGLOB_diag_suppress_sys -DLIKWID_PERFMON --system_preinclude /usr/include/stdc-predef.h -I/apps/likwid/5.3.0/include -I/apps/SPACK/0.18.1/opt/linux-ubuntu20.04-broadwell/gcc-9.4.0/intel-oneapi-compilers-2023.2.1-w5xspo5smexqooptupdcekxiosxeltyh/compiler/2023.2.1/linux/lib/oclfpga/include --array_section --simd --simd_func --offload_mode=1 --offload_target_names=mic MIC --offload_unique_string=icpc0571518311VXnTPa --bool -mGLOB_em64t=TRUE -mP1OPT_version=2021.10.0-intel64 -mGLOB_diag_file=CMakeFiles/cmTC_e2300.dir/OpenMPTryFlag.cpp.diag -mGLOB_long_size_64 -mGLOB_routine_pointer_size_64 -mP1OPT_print_version=FALSE -mCG_use_gas_got_workaround=F -mP2OPT_align_option_used=TRUE -mGLOB_gcc_version=1140 "-mGLOB_options_string=-I/apps/likwid/5.3.0/include -L/apps/likwid/5.3.0/lib -DLIKWID_PERFMON -O3 -xCORE-AVX512 -qopt-zmm-usage=high -qopenmp -v -MD -MT CMakeFiles/cmTC_e2300.dir/OpenMPTryFlag.cpp.o -MF CMakeFiles/cmTC_e2300.dir/OpenMPTryFlag.cpp.o.d -o CMakeFiles/cmTC_e2300.dir/OpenMPTryFlag.cpp.o -c" -mGLOB_cxx_limited_range=FALSE -mCG_extend_parms=FALSE -mGLOB_compiler_bin_directory=/apps/SPACK/0.18.1/opt/linux-ubuntu20.04-broadwell/gcc-9.4.0/intel-oneapi-compilers-2023.2.1-w5xspo5smexqooptupdcekxiosxeltyh/compiler/2023.2.1/linux/bin/intel64/../../bin/intel64 -mGLOB_as_output_backup_file_name=/tmp/icpcyPCUQias_.s -mIPOPT_activate -mIPOPT_lite -mGLOB_uarch_tuning=0x0 -mGLOB_product_id_code=0x22006d90 -mCG_bnl_movbe=T -mGLOB_advanced_optim=TRUE -mGLOB_cpu_x=CORE-AVX512 -mP3OPT_use_mspp_call_convention -mP2OPT_subs_out_of_bound=FALSE -mP2OPT_disam_type_based_disam=2 -mP2OPT_disam_assume_ansi_c -mP2OPT_checked_disam_ansi_alias=TRUE -mGLOB_ansi_alias -mPGOPTI_value_profile_use=T -mPAROPT_openmp=TRUE -mP2OPT_hpo_omp_simd_only=FALSE -mP2OPT_il0_array_sections=TRUE -mGLOB_offload_mode=1 -mGLOB_offload_no_openmp=TRUE -mP2OPT_offload_unique_var_string=icpc0571518311VXnTPa -mGLOB_opt_level=3 -mP2OPT_hlo_level=3 -mP2OPT_hlo -mP2OPT_hpo_rtt_control=0 -mIPOPT_args_in_regs=0 -mP2OPT_disam_assume_nonstd_intent_in=FALSE -mGLOB_imf_mapping_library=/apps/SPACK/0.18.1/opt/linux-ubuntu20.04-broadwell/gcc-9.4.0/intel-oneapi-compilers-2023.2.1-w5xspo5smexqooptupdcekxiosxeltyh/compiler/2023.2.1/linux/bin/intel64/../../bin/intel64/libiml_attr.so -mGLOB_zmm_usage=4 -mPGOPTI_gen_threadsafe_level=0 -mIPOPT_lto_object_enabled -mIPOPT_lto_object_value=1 -mIPOPT_obj_output_file_name=CMakeFiles/cmTC_e2300.dir/OpenMPTryFlag.cpp.o -mIPOPT_whole_archive_fixup_file_name=/tmp/icpcwarcho5PHpl -mGLOB_linker_version=2.38 -mGLOB_linker=ld -mGLOB_driver_tempfile_name=/tmp/icpctempfileipF9mY -mP3OPT_asm_target=P3OPT_ASM_TARGET_GAS -mGLOB_async_unwind_tables=TRUE -mGLOB_obj_output_file=CMakeFiles/cmTC_e2300.dir/OpenMPTryFlag.cpp.o -mGLOB_source_dialect=GLOB_SOURCE_DIALECT_C_PLUS_PLUS -mP1OPT_source_file_name=/home/hpc/ihpc/ihpc040h/LULESH_AD/LULESH/build_OMP_ICX36/CMakeFiles/FindOpenMP/OpenMPTryFlag.cpp -mP1OPT_full_source_file_name=/home/hpc/ihpc/ihpc040h/LULESH_AD/LULESH/build_OMP_ICX36/CMakeFiles/FindOpenMP/OpenMPTryFlag.cpp -mGLOB_eh_linux /home/hpc/ihpc/ihpc040h/LULESH_AD/LULESH/build_OMP_ICX36/CMakeFiles/FindOpenMP/OpenMPTryFlag.cpp]
  ignore line: [#include "..." search starts here:]
  ignore line: [#include <...> search starts here:]
  ignore line: [ /apps/likwid/5.3.0/include]
  ignore line: [ /apps/SPACK/0.18.1/opt/linux-ubuntu20.04-broadwell/gcc-9.4.0/intel-oneapi-compilers-2023.2.1-w5xspo5smexqooptupdcekxiosxeltyh/compiler/2023.2.1/linux/lib/oclfpga/include]
  ignore line: [ /apps/SPACK/0.18.1/opt/linux-ubuntu20.04-broadwell/gcc-9.4.0/intel-oneapi-compilers-2023.2.1-w5xspo5smexqooptupdcekxiosxeltyh/compiler/2023.2.1/linux/bin/intel64/../../compiler/include/intel64]
  ignore line: [ /apps/SPACK/0.18.1/opt/linux-ubuntu20.04-broadwell/gcc-9.4.0/intel-oneapi-compilers-2023.2.1-w5xspo5smexqooptupdcekxiosxeltyh/compiler/2023.2.1/linux/bin/intel64/../../compiler/include/icc]
  ignore line: [ /apps/SPACK/0.18.1/opt/linux-ubuntu20.04-broadwell/gcc-9.4.0/intel-oneapi-compilers-2023.2.1-w5xspo5smexqooptupdcekxiosxeltyh/compiler/2023.2.1/linux/bin/intel64/../../compiler/include]
  ignore line: [ /usr/include/c++/11]
  ignore line: [ /usr/include/c++/11/backward]
  ignore line: [ /usr/local/include]
  ignore line: [ /usr/lib/gcc/x86_64-linux-gnu/11/include]
  ignore line: [ /usr/include/]
  ignore line: [ /usr/include]
  ignore line: [ /usr/include/x86_64-linux-gnu]
  ignore line: [ /usr/include/x86_64-linux-gnu/c++/11]
  ignore line: [End of search list.]
  ignore line: [Linking CXX executable cmTC_e2300]
  ignore line: [/apps/SPACK/0.18.1/opt/linux-ubuntu20.04-x86_64/gcc-9.4.0/cmake-3.23.1-y3d2cjiwv2qcy65ljekhm5h6ljw5kj2n/bin/cmake -E cmake_link_script CMakeFiles/cmTC_e2300.dir/link.txt --verbose=1]
  ignore line: [/apps/SPACK/0.18.1/opt/linux-ubuntu20.04-broadwell/gcc-9.4.0/intel-oneapi-compilers-2023.2.1-w5xspo5smexqooptupdcekxiosxeltyh/compiler/2023.2.1/linux/bin/intel64/icpc  -I/apps/likwid/5.3.0/include -L/apps/likwid/5.3.0/lib -DLIKWID_PERFMON -O3 -xCORE-AVX512 -qopt-zmm-usage=high -qopenmp -v -rdynamic CMakeFiles/cmTC_e2300.dir/OpenMPTryFlag.cpp.o -o cmTC_e2300  -v ]
  ignore line: [icpc: remark #10441: The Intel(R) C++ Compiler Classic (ICC) is deprecated and will be removed from product release in the second half of 2023. The Intel(R) oneAPI DPC++/C++ Compiler (ICX) is the recommended compiler moving forward. Please transition to use this compiler. Use '-diag-disable=10441' to disable this message.]
  ignore line: [icpc version 2021.10.0 (gcc version 11.4.0 compatibility)]
  ignore line: [/apps/SPACK/0.18.1/opt/linux-ubuntu20.04-broadwell/gcc-9.4.0/intel-oneapi-compilers-2023.2.1-w5xspo5smexqooptupdcekxiosxeltyh/compiler/2023.2.1/linux/bin/intel64/../../bin/intel64/mcpcom    -mGLOB_em64t=TRUE -mP1OPT_version=2021.10.0-intel64 -mGLOB_diag_file=CMakeFiles/cmTC_e2300.dir/OpenMPTryFlag.cpp.diag -mGLOB_long_size_64 -mGLOB_routine_pointer_size_64 -mP1OPT_print_version=FALSE -mCG_use_gas_got_workaround=F -mP2OPT_align_option_used=TRUE -mGLOB_gcc_version=1140 "-mGLOB_options_string=-I/apps/likwid/5.3.0/include -L/apps/likwid/5.3.0/lib -DLIKWID_PERFMON -O3 -xCORE-AVX512 -qopt-zmm-usage=high -qopenmp -v -rdynamic -o cmTC_e2300 -v" -mGLOB_cxx_limited_range=FALSE -mCG_extend_parms=FALSE -mGLOB_compiler_bin_directory=/apps/SPACK/0.18.1/opt/linux-ubuntu20.04-broadwell/gcc-9.4.0/intel-oneapi-compilers-2023.2.1-w5xspo5smexqooptupdcekxiosxeltyh/compiler/2023.2.1/linux/bin/intel64/../../bin/intel64 -mGLOB_as_output_backup_file_name=/tmp/icpcpSfeVIas_.s -mGLOB_dashboard_use_source_name -mIPOPT_activate -mGLOB_product_id_code=0x22006d90 -mGLOB_advanced_optim=TRUE -mGLOB_cpu_x=CORE-AVX512 -mP3OPT_use_mspp_call_convention -mP2OPT_subs_out_of_bound=FALSE -mP2OPT_disam_type_based_disam=2 -mP2OPT_disam_assume_ansi_c -mP2OPT_checked_disam_ansi_alias=TRUE -mGLOB_ansi_alias -mPGOPTI_value_profile_use=T -mGLOB_opt_report_use_source_name -mPAROPT_openmp=TRUE -mP2OPT_hpo_omp_simd_only=FALSE -mP2OPT_il0_array_sections=TRUE -mGLOB_offload_mode=1 -mGLOB_offload_no_openmp=TRUE -mP2OPT_offload_unique_var_string=icpc0957902943qIaAkZ -mGLOB_opt_level=3 -mP2OPT_hlo_level=3 -mP2OPT_hlo -mP2OPT_hpo_rtt_control=0 -mIPOPT_args_in_regs=0 -mP2OPT_disam_assume_nonstd_intent_in=FALSE -mGLOB_imf_mapping_library=/apps/SPACK/0.18.1/opt/linux-ubuntu20.04-broadwell/gcc-9.4.0/intel-oneapi-compilers-2023.2.1-w5xspo5smexqooptupdcekxiosxeltyh/compiler/2023.2.1/linux/bin/intel64/../../bin/intel64/libiml_attr.so -mGLOB_zmm_usage=4 -mPGOPTI_gen_threadsafe_level=0 -mIPOPT_link -mIPOPT_ipo_activate -mIPOPT_mo_activate -mIPOPT_source_files_list=/tmp/icpcslishoIc2A -mIPOPT_mo_global_data -mIPOPT_link_script_file=/tmp/icpcscriptBt9kh5 "-mIPOPT_cmdline_link="/usr/lib/gcc/x86_64-linux-gnu/11/../../../x86_64-linux-gnu/Scrt1.o" "/usr/lib/gcc/x86_64-linux-gnu/11/../../../x86_64-linux-gnu/crti.o" "/usr/lib/gcc/x86_64-linux-gnu/11/crtbeginS.o" "-export-dynamic" "--eh-frame-hdr" "--build-id" "-dynamic-linker" "/lib64/ld-linux-x86-64.so.2" "-m" "elf_x86_64" "-L/apps/likwid/5.3.0/lib" "-o" "cmTC_e2300" "-L/apps/SPACK/0.18.1/opt/linux-ubuntu20.04-broadwell/gcc-9.4.0/intel-oneapi-compilers-2023.2.1-w5xspo5smexqooptupdcekxiosxeltyh/compiler/2023.2.1/linux/compiler/lib/intel64_lin" "-L/apps/SPACK/0.18.1/opt/linux-ubuntu20.04-broadwell/gcc-9.4.0/intel-oneapi-compilers-2023.2.1-w5xspo5smexqooptupdcekxiosxeltyh/compiler/2023.2.1/linux/lib" "-L/apps/SPACK/0.18.1/opt/linux-ubuntu20.04-broadwell/gcc-9.4.0/intel-oneapi-compilers-2023.2.1-w5xspo5smexqooptupdcekxiosxeltyh/compiler/2023.2.1/linux/bin/intel64/../../compiler/lib/intel64_lin" "-L/apps/SPACK/0.18.1/opt/linux-ubuntu20.04-broadwell/gcc-9.4.0/intel-oneapi-compilers-2023.2.1-w5xspo5smexqooptupdcekxiosxeltyh/compiler/2023.2.1/linux/lib/../lib/" "-L/usr/lib/gcc/x86_64-linux-gnu/11/" "-L/usr/lib/gcc/x86_64-linux-gnu/11/../../../x86_64-linux-gnu/" "-L/usr/lib/gcc/x86_64-linux-gnu/11/../../../../lib64" "-L/usr/lib/gcc/x86_64-linux-gnu/11/../../../../lib/" "-L/lib/x86_64-linux-gnu/" "-L/lib/../lib64" "-L/lib/../lib/" "-L/usr/lib/x86_64-linux-gnu/" "-L/usr/lib/../lib64" "-L/usr/lib/../lib/" "-L/apps/SPACK/0.18.1/opt/linux-ubuntu20.04-broadwell/gcc-9.4.0/intel-oneapi-compilers-2023.2.1-w5xspo5smexqooptupdcekxiosxeltyh/compiler/2023.2.1/linux/compiler/lib/intel64_lin/" "-L/apps/SPACK/0.18.1/opt/linux-ubuntu20.04-broadwell/gcc-9.4.0/intel-oneapi-compilers-2023.2.1-w5xspo5smexqooptupdcekxiosxeltyh/compiler/2023.2.1/linux/lib/" "-L/usr/lib/gcc/x86_64-linux-gnu/11/../../../" "-L/lib64" "-L/lib/" "-L/usr/lib64" "-L/usr/lib" "CMakeFiles/cmTC_e2300.dir/OpenMPTryFlag.cpp.o" "-Bdynamic" "-Bstatic" "-limf" "-lsvml" "-lirng" "-Bdynamic" "-lstdc++" "-lm" "-Bstatic" "-lipgo" "-ldecimal" "-Bdynamic" "-liomp5" "--as-needed" "-lcilkrts" "--no-as-needed" "-lstdc++" "-lgcc" "--as-needed" "-lgcc_s" "--no-as-needed" "-Bstatic" "-lirc" "-Bdynamic" "-lpthread" "-Bstatic" "-lsvml" "-Bdynamic" "-lc" "-lgcc" "--as-needed" "-lgcc_s" "--no-as-needed" "-Bstatic" "-lirc_s" "-Bdynamic" "-ldl" "-lc" "/usr/lib/gcc/x86_64-linux-gnu/11/crtendS.o" "/usr/lib/gcc/x86_64-linux-gnu/11/../../../x86_64-linux-gnu/crtn.o"" -mIPOPT_il_in_obj -mIPOPT_ipo_activate_warn=FALSE -mIPOPT_obj_output_file_name=/tmp/ipo_icpc99E877.o -mIPOPT_whole_archive_fixup_file_name=/tmp/icpcwarchjYEos3 -mGLOB_linker_version=2.38 -mGLOB_linker=ld -mGLOB_driver_tempfile_name=/tmp/icpctempfileoBvzXU -mP3OPT_asm_target=P3OPT_ASM_TARGET_GAS -mGLOB_async_unwind_tables=TRUE -mGLOB_obj_output_file=/tmp/ipo_icpc99E877.o -mGLOB_source_dialect=GLOB_SOURCE_DIALECT_NONE -mP1OPT_source_file_name=ipo_out.c CMakeFiles/cmTC_e2300.dir/OpenMPTryFlag.cpp.o -mIPOPT_object_files=T -mIPOPT_assembly_files=/tmp/icpcalisablbqh -mIPOPT_generated_tempfiles=/tmp/icpcelisOIJn0X -mIPOPT_embedded_object_base_name=/tmp/icpceobj8ooNL6 -mIPOPT_cmdline_link_new_name=/tmp/icpcllisoF90EH]
  link line: [ld    /usr/lib/gcc/x86_64-linux-gnu/11/../../../x86_64-linux-gnu/Scrt1.o /usr/lib/gcc/x86_64-linux-gnu/11/../../../x86_64-linux-gnu/crti.o /usr/lib/gcc/x86_64-linux-gnu/11/crtbeginS.o -export-dynamic --eh-frame-hdr --build-id -dynamic-linker /lib64/ld-linux-x86-64.so.2 -m elf_x86_64 -L/apps/likwid/5.3.0/lib -o cmTC_e2300 -L/apps/SPACK/0.18.1/opt/linux-ubuntu20.04-broadwell/gcc-9.4.0/intel-oneapi-compilers-2023.2.1-w5xspo5smexqooptupdcekxiosxeltyh/compiler/2023.2.1/linux/compiler/lib/intel64_lin -L/apps/SPACK/0.18.1/opt/linux-ubuntu20.04-broadwell/gcc-9.4.0/intel-oneapi-compilers-2023.2.1-w5xspo5smexqooptupdcekxiosxeltyh/compiler/2023.2.1/linux/lib -L/apps/SPACK/0.18.1/opt/linux-ubuntu20.04-broadwell/gcc-9.4.0/intel-oneapi-compilers-2023.2.1-w5xspo5smexqooptupdcekxiosxeltyh/compiler/2023.2.1/linux/bin/intel64/../../compiler/lib/intel64_lin -L/apps/SPACK/0.18.1/opt/linux-ubuntu20.04-broadwell/gcc-9.4.0/intel-oneapi-compilers-2023.2.1-w5xspo5smexqooptupdcekxiosxeltyh/compiler/2023.2.1/linux/lib/../lib/ -L/usr/lib/gcc/x86_64-linux-gnu/11/ -L/usr/lib/gcc/x86_64-linux-gnu/11/../../../x86_64-linux-gnu/ -L/usr/lib/gcc/x86_64-linux-gnu/11/../../../../lib64 -L/usr/lib/gcc/x86_64-linux-gnu/11/../../../../lib/ -L/lib/x86_64-linux-gnu/ -L/lib/../lib64 -L/lib/../lib/ -L/usr/lib/x86_64-linux-gnu/ -L/usr/lib/../lib64 -L/usr/lib/../lib/ -L/apps/SPACK/0.18.1/opt/linux-ubuntu20.04-broadwell/gcc-9.4.0/intel-oneapi-compilers-2023.2.1-w5xspo5smexqooptupdcekxiosxeltyh/compiler/2023.2.1/linux/compiler/lib/intel64_lin/ -L/apps/SPACK/0.18.1/opt/linux-ubuntu20.04-broadwell/gcc-9.4.0/intel-oneapi-compilers-2023.2.1-w5xspo5smexqooptupdcekxiosxeltyh/compiler/2023.2.1/linux/lib/ -L/usr/lib/gcc/x86_64-linux-gnu/11/../../../ -L/lib64 -L/lib/ -L/usr/lib64 -L/usr/lib CMakeFiles/cmTC_e2300.dir/OpenMPTryFlag.cpp.o -Bdynamic -Bstatic -limf -lsvml -lirng -Bdynamic -lstdc++ -lm -Bstatic -lipgo -ldecimal -Bdynamic -liomp5 --as-needed -lcilkrts --no-as-needed -lstdc++ -lgcc --as-needed -lgcc_s --no-as-needed -Bstatic -lirc -Bdynamic -lpthread -Bstatic -lsvml -Bdynamic -lc -lgcc --as-needed -lgcc_s --no-as-needed -Bstatic -lirc_s -Bdynamic -ldl -lc /usr/lib/gcc/x86_64-linux-gnu/11/crtendS.o /usr/lib/gcc/x86_64-linux-gnu/11/../../../x86_64-linux-gnu/crtn.o]
    arg [ld] ==> ignore
    arg [-export-dynamic] ==> ignore
    arg [--eh-frame-hdr] ==> ignore
    arg [--build-id] ==> ignore
    arg [-dynamic-linker] ==> ignore
    arg [/lib64/ld-linux-x86-64.so.2] ==> ignore
    arg [-m] ==> ignore
    arg [elf_x86_64] ==> ignore
    arg [-L/apps/likwid/5.3.0/lib] ==> dir [/apps/likwid/5.3.0/lib]
    arg [-o] ==> ignore
    arg [cmTC_e2300] ==> ignore
    arg [-L/apps/SPACK/0.18.1/opt/linux-ubuntu20.04-broadwell/gcc-9.4.0/intel-oneapi-compilers-2023.2.1-w5xspo5smexqooptupdcekxiosxeltyh/compiler/2023.2.1/linux/compiler/lib/intel64_lin] ==> dir [/apps/SPACK/0.18.1/opt/linux-ubuntu20.04-broadwell/gcc-9.4.0/intel-oneapi-compilers-2023.2.1-w5xspo5smexqooptupdcekxiosxeltyh/compiler/2023.2.1/linux/compiler/lib/intel64_lin]
    arg [-L/apps/SPACK/0.18.1/opt/linux-ubuntu20.04-broadwell/gcc-9.4.0/intel-oneapi-compilers-2023.2.1-w5xspo5smexqooptupdcekxiosxeltyh/compiler/2023.2.1/linux/lib] ==> dir [/apps/SPACK/0.18.1/opt/linux-ubuntu20.04-broadwell/gcc-9.4.0/intel-oneapi-compilers-2023.2.1-w5xspo5smexqooptupdcekxiosxeltyh/compiler/2023.2.1/linux/lib]
    arg [-L/apps/SPACK/0.18.1/opt/linux-ubuntu20.04-broadwell/gcc-9.4.0/intel-oneapi-compilers-2023.2.1-w5xspo5smexqooptupdcekxiosxeltyh/compiler/2023.2.1/linux/bin/intel64/../../compiler/lib/intel64_lin] ==> dir [/apps/SPACK/0.18.1/opt/linux-ubuntu20.04-broadwell/gcc-9.4.0/intel-oneapi-compilers-2023.2.1-w5xspo5smexqooptupdcekxiosxeltyh/compiler/2023.2.1/linux/bin/intel64/../../compiler/lib/intel64_lin]
    arg [-L/apps/SPACK/0.18.1/opt/linux-ubuntu20.04-broadwell/gcc-9.4.0/intel-oneapi-compilers-2023.2.1-w5xspo5smexqooptupdcekxiosxeltyh/compiler/2023.2.1/linux/lib/../lib/] ==> dir [/apps/SPACK/0.18.1/opt/linux-ubuntu20.04-broadwell/gcc-9.4.0/intel-oneapi-compilers-2023.2.1-w5xspo5smexqooptupdcekxiosxeltyh/compiler/2023.2.1/linux/lib/../lib/]
    arg [-L/usr/lib/gcc/x86_64-linux-gnu/11/] ==> dir [/usr/lib/gcc/x86_64-linux-gnu/11/]
    arg [-L/usr/lib/gcc/x86_64-linux-gnu/11/../../../x86_64-linux-gnu/] ==> dir [/usr/lib/gcc/x86_64-linux-gnu/11/../../../x86_64-linux-gnu/]
    arg [-L/usr/lib/gcc/x86_64-linux-gnu/11/../../../../lib64] ==> dir [/usr/lib/gcc/x86_64-linux-gnu/11/../../../../lib64]
    arg [-L/usr/lib/gcc/x86_64-linux-gnu/11/../../../../lib/] ==> dir [/usr/lib/gcc/x86_64-linux-gnu/11/../../../../lib/]
    arg [-L/lib/x86_64-linux-gnu/] ==> dir [/lib/x86_64-linux-gnu/]
    arg [-L/lib/../lib64] ==> dir [/lib/../lib64]
    arg [-L/lib/../lib/] ==> dir [/lib/../lib/]
    arg [-L/usr/lib/x86_64-linux-gnu/] ==> dir [/usr/lib/x86_64-linux-gnu/]
    arg [-L/usr/lib/../lib64] ==> dir [/usr/lib/../lib64]
    arg [-L/usr/lib/../lib/] ==> dir [/usr/lib/../lib/]
    arg [-L/apps/SPACK/0.18.1/opt/linux-ubuntu20.04-broadwell/gcc-9.4.0/intel-oneapi-compilers-2023.2.1-w5xspo5smexqooptupdcekxiosxeltyh/compiler/2023.2.1/linux/compiler/lib/intel64_lin/] ==> dir [/apps/SPACK/0.18.1/opt/linux-ubuntu20.04-broadwell/gcc-9.4.0/intel-oneapi-compilers-2023.2.1-w5xspo5smexqooptupdcekxiosxeltyh/compiler/2023.2.1/linux/compiler/lib/intel64_lin/]
    arg [-L/apps/SPACK/0.18.1/opt/linux-ubuntu20.04-broadwell/gcc-9.4.0/intel-oneapi-compilers-2023.2.1-w5xspo5smexqooptupdcekxiosxeltyh/compiler/2023.2.1/linux/lib/] ==> dir [/apps/SPACK/0.18.1/opt/linux-ubuntu20.04-broadwell/gcc-9.4.0/intel-oneapi-compilers-2023.2.1-w5xspo5smexqooptupdcekxiosxeltyh/compiler/2023.2.1/linux/lib/]
    arg [-L/usr/lib/gcc/x86_64-linux-gnu/11/../../../] ==> dir [/usr/lib/gcc/x86_64-linux-gnu/11/../../../]
    arg [-L/lib64] ==> dir [/lib64]
    arg [-L/lib/] ==> dir [/lib/]
    arg [-L/usr/lib64] ==> dir [/usr/lib64]
    arg [-L/usr/lib] ==> dir [/usr/lib]
    arg [CMakeFiles/cmTC_e2300.dir/OpenMPTryFlag.cpp.o] ==> ignore
    arg [-Bdynamic] ==> search dynamic
    arg [-Bstatic] ==> search static
    arg [-limf] ==> lib [imf]
    arg [-lsvml] ==> lib [svml]
    arg [-lirng] ==> lib [irng]
    arg [-Bdynamic] ==> search dynamic
    arg [-lstdc++] ==> lib [stdc++]
    arg [-lm] ==> lib [m]
    arg [-Bstatic] ==> search static
    arg [-lipgo] ==> lib [ipgo]
    arg [-ldecimal] ==> lib [decimal]
    arg [-Bdynamic] ==> search dynamic
    arg [-liomp5] ==> lib [iomp5]
    arg [--as-needed] ==> ignore
    arg [-lcilkrts] ==> lib [cilkrts]
    arg [--no-as-needed] ==> ignore
    arg [-lstdc++] ==> lib [stdc++]
    arg [-lgcc] ==> lib [gcc]
    arg [--as-needed] ==> ignore
    arg [-lgcc_s] ==> lib [gcc_s]
    arg [--no-as-needed] ==> ignore
    arg [-Bstatic] ==> search static
    arg [-lirc] ==> lib [irc]
    arg [-Bdynamic] ==> search dynamic
    arg [-lpthread] ==> lib [pthread]
    arg [-Bstatic] ==> search static
    arg [-lsvml] ==> lib [svml]
    arg [-Bdynamic] ==> search dynamic
    arg [-lc] ==> lib [c]
    arg [-lgcc] ==> lib [gcc]
    arg [--as-needed] ==> ignore
    arg [-lgcc_s] ==> lib [gcc_s]
    arg [--no-as-needed] ==> ignore
    arg [-Bstatic] ==> search static
    arg [-lirc_s] ==> lib [irc_s]
    arg [-Bdynamic] ==> search dynamic
    arg [-ldl] ==> lib [dl]
    arg [-lc] ==> lib [c]
  collapse library dir [/apps/likwid/5.3.0/lib] ==> [/apps/likwid/5.3.0/lib]
  collapse library dir [/apps/SPACK/0.18.1/opt/linux-ubuntu20.04-broadwell/gcc-9.4.0/intel-oneapi-compilers-2023.2.1-w5xspo5smexqooptupdcekxiosxeltyh/compiler/2023.2.1/linux/compiler/lib/intel64_lin] ==> [/apps/SPACK/0.18.1/opt/linux-ubuntu20.04-broadwell/gcc-9.4.0/intel-oneapi-compilers-2023.2.1-w5xspo5smexqooptupdcekxiosxeltyh/compiler/2023.2.1/linux/compiler/lib/intel64_lin]
  collapse library dir [/apps/SPACK/0.18.1/opt/linux-ubuntu20.04-broadwell/gcc-9.4.0/intel-oneapi-compilers-2023.2.1-w5xspo5smexqooptupdcekxiosxeltyh/compiler/2023.2.1/linux/lib] ==> [/apps/SPACK/0.18.1/opt/linux-ubuntu20.04-broadwell/gcc-9.4.0/intel-oneapi-compilers-2023.2.1-w5xspo5smexqooptupdcekxiosxeltyh/compiler/2023.2.1/linux/lib]
  collapse library dir [/apps/SPACK/0.18.1/opt/linux-ubuntu20.04-broadwell/gcc-9.4.0/intel-oneapi-compilers-2023.2.1-w5xspo5smexqooptupdcekxiosxeltyh/compiler/2023.2.1/linux/bin/intel64/../../compiler/lib/intel64_lin] ==> [/apps/SPACK/0.18.1/opt/linux-ubuntu20.04-broadwell/gcc-9.4.0/intel-oneapi-compilers-2023.2.1-w5xspo5smexqooptupdcekxiosxeltyh/compiler/2023.2.1/linux/compiler/lib/intel64_lin]
  collapse library dir [/apps/SPACK/0.18.1/opt/linux-ubuntu20.04-broadwell/gcc-9.4.0/intel-oneapi-compilers-2023.2.1-w5xspo5smexqooptupdcekxiosxeltyh/compiler/2023.2.1/linux/lib/../lib/] ==> [/apps/SPACK/0.18.1/opt/linux-ubuntu20.04-broadwell/gcc-9.4.0/intel-oneapi-compilers-2023.2.1-w5xspo5smexqooptupdcekxiosxeltyh/compiler/2023.2.1/linux/lib]
  collapse library dir [/usr/lib/gcc/x86_64-linux-gnu/11/] ==> [/usr/lib/gcc/x86_64-linux-gnu/11]
  collapse library dir [/usr/lib/gcc/x86_64-linux-gnu/11/../../../x86_64-linux-gnu/] ==> [/usr/lib/x86_64-linux-gnu]
  collapse library dir [/usr/lib/gcc/x86_64-linux-gnu/11/../../../../lib64] ==> [/usr/lib64]
  collapse library dir [/usr/lib/gcc/x86_64-linux-gnu/11/../../../../lib/] ==> [/usr/lib]
  collapse library dir [/lib/x86_64-linux-gnu/] ==> [/lib/x86_64-linux-gnu]
  collapse library dir [/lib/../lib64] ==> [/lib64]
  collapse library dir [/lib/../lib/] ==> [/lib]
  collapse library dir [/usr/lib/x86_64-linux-gnu/] ==> [/usr/lib/x86_64-linux-gnu]
  collapse library dir [/usr/lib/../lib64] ==> [/usr/lib64]
  collapse library dir [/usr/lib/../lib/] ==> [/usr/lib]
  collapse library dir [/apps/SPACK/0.18.1/opt/linux-ubuntu20.04-broadwell/gcc-9.4.0/intel-oneapi-compilers-2023.2.1-w5xspo5smexqooptupdcekxiosxeltyh/compiler/2023.2.1/linux/compiler/lib/intel64_lin/] ==> [/apps/SPACK/0.18.1/opt/linux-ubuntu20.04-broadwell/gcc-9.4.0/intel-oneapi-compilers-2023.2.1-w5xspo5smexqooptupdcekxiosxeltyh/compiler/2023.2.1/linux/compiler/lib/intel64_lin]
  collapse library dir [/apps/SPACK/0.18.1/opt/linux-ubuntu20.04-broadwell/gcc-9.4.0/intel-oneapi-compilers-2023.2.1-w5xspo5smexqooptupdcekxiosxeltyh/compiler/2023.2.1/linux/lib/] ==> [/apps/SPACK/0.18.1/opt/linux-ubuntu20.04-broadwell/gcc-9.4.0/intel-oneapi-compilers-2023.2.1-w5xspo5smexqooptupdcekxiosxeltyh/compiler/2023.2.1/linux/lib]
  collapse library dir [/usr/lib/gcc/x86_64-linux-gnu/11/../../../] ==> [/usr/lib]
  collapse library dir [/lib64] ==> [/lib64]
  collapse library dir [/lib/] ==> [/lib]
  collapse library dir [/usr/lib64] ==> [/usr/lib64]
  collapse library dir [/usr/lib] ==> [/usr/lib]
  implicit libs: [imf;svml;irng;stdc++;m;ipgo;decimal;iomp5;cilkrts;stdc++;gcc;gcc_s;irc;pthread;svml;c;gcc;gcc_s;irc_s;dl;c]
  implicit objs: []
  implicit dirs: [/apps/likwid/5.3.0/lib;/apps/SPACK/0.18.1/opt/linux-ubuntu20.04-broadwell/gcc-9.4.0/intel-oneapi-compilers-2023.2.1-w5xspo5smexqooptupdcekxiosxeltyh/compiler/2023.2.1/linux/compiler/lib/intel64_lin;/apps/SPACK/0.18.1/opt/linux-ubuntu20.04-broadwell/gcc-9.4.0/intel-oneapi-compilers-2023.2.1-w5xspo5smexqooptupdcekxiosxeltyh/compiler/2023.2.1/linux/lib;/usr/lib/gcc/x86_64-linux-gnu/11;/usr/lib/x86_64-linux-gnu;/usr/lib64;/usr/lib;/lib/x86_64-linux-gnu;/lib64;/lib]
  implicit fwks: []


